Started GET "/" for ::1 at 2019-08-12 08:52:06 -0700
Processing by Rails::WelcomeController#index as HTML
  Rendering /Users/siavashrad/.rbenv/versions/2.4.2/lib/ruby/gems/2.4.0/gems/railties-5.2.3/lib/rails/templates/rails/welcome/index.html.erb
  Rendered /Users/siavashrad/.rbenv/versions/2.4.2/lib/ruby/gems/2.4.0/gems/railties-5.2.3/lib/rails/templates/rails/welcome/index.html.erb (7.4ms)
Completed 200 OK in 41ms (Views: 22.4ms | ActiveRecord: 0.0ms)


Started GET "/" for ::1 at 2019-08-12 08:55:22 -0700
Processing by Rails::WelcomeController#index as HTML
  Rendering /Users/siavashrad/.rbenv/versions/2.4.2/lib/ruby/gems/2.4.0/gems/railties-5.2.3/lib/rails/templates/rails/welcome/index.html.erb
  Rendered /Users/siavashrad/.rbenv/versions/2.4.2/lib/ruby/gems/2.4.0/gems/railties-5.2.3/lib/rails/templates/rails/welcome/index.html.erb (3.0ms)
Completed 200 OK in 15ms (Views: 9.0ms | ActiveRecord: 0.0ms)


Started GET "/pages/home" for ::1 at 2019-08-12 08:55:32 -0700
Processing by PagesController#home as HTML
  Rendering pages/home.html.erb within layouts/application
  Rendered pages/home.html.erb within layouts/application (0.3ms)
Completed 200 OK in 258ms (Views: 255.0ms | ActiveRecord: 0.0ms)


Started GET "/pages/home" for ::1 at 2019-08-12 08:55:41 -0700
Processing by PagesController#home as HTML
  Rendering pages/home.html.erb within layouts/application
  Rendered pages/home.html.erb within layouts/application (0.4ms)
Completed 200 OK in 54ms (Views: 41.8ms | ActiveRecord: 0.0ms)


Started GET "/pages/about" for ::1 at 2019-08-12 09:29:37 -0700
  
ActionController::RoutingError (No route matches [GET] "/pages/about"):
  
actionpack (5.2.3) lib/action_dispatch/middleware/debug_exceptions.rb:65:in `call'
web-console (3.7.0) lib/web_console/middleware.rb:135:in `call_app'
web-console (3.7.0) lib/web_console/middleware.rb:30:in `block in call'
web-console (3.7.0) lib/web_console/middleware.rb:20:in `catch'
web-console (3.7.0) lib/web_console/middleware.rb:20:in `call'
actionpack (5.2.3) lib/action_dispatch/middleware/show_exceptions.rb:33:in `call'
railties (5.2.3) lib/rails/rack/logger.rb:38:in `call_app'
railties (5.2.3) lib/rails/rack/logger.rb:26:in `block in call'
activesupport (5.2.3) lib/active_support/tagged_logging.rb:71:in `block in tagged'
activesupport (5.2.3) lib/active_support/tagged_logging.rb:28:in `tagged'
activesupport (5.2.3) lib/active_support/tagged_logging.rb:71:in `tagged'
railties (5.2.3) lib/rails/rack/logger.rb:26:in `call'
sprockets-rails (3.2.1) lib/sprockets/rails/quiet_assets.rb:13:in `call'
actionpack (5.2.3) lib/action_dispatch/middleware/remote_ip.rb:81:in `call'
actionpack (5.2.3) lib/action_dispatch/middleware/request_id.rb:27:in `call'
rack (2.0.7) lib/rack/method_override.rb:22:in `call'
rack (2.0.7) lib/rack/runtime.rb:22:in `call'
activesupport (5.2.3) lib/active_support/cache/strategy/local_cache_middleware.rb:29:in `call'
actionpack (5.2.3) lib/action_dispatch/middleware/executor.rb:14:in `call'
actionpack (5.2.3) lib/action_dispatch/middleware/static.rb:127:in `call'
rack (2.0.7) lib/rack/sendfile.rb:111:in `call'
railties (5.2.3) lib/rails/engine.rb:524:in `call'
puma (3.12.1) lib/puma/configuration.rb:227:in `call'
puma (3.12.1) lib/puma/server.rb:660:in `handle_request'
puma (3.12.1) lib/puma/server.rb:474:in `process_client'
puma (3.12.1) lib/puma/server.rb:334:in `block in run'
puma (3.12.1) lib/puma/thread_pool.rb:135:in `block in spawn_thread'
Started GET "/pages/about" for ::1 at 2019-08-12 09:29:54 -0700
  
ActionController::RoutingError (No route matches [GET] "/pages/about"):
  
actionpack (5.2.3) lib/action_dispatch/middleware/debug_exceptions.rb:65:in `call'
web-console (3.7.0) lib/web_console/middleware.rb:135:in `call_app'
web-console (3.7.0) lib/web_console/middleware.rb:30:in `block in call'
web-console (3.7.0) lib/web_console/middleware.rb:20:in `catch'
web-console (3.7.0) lib/web_console/middleware.rb:20:in `call'
actionpack (5.2.3) lib/action_dispatch/middleware/show_exceptions.rb:33:in `call'
railties (5.2.3) lib/rails/rack/logger.rb:38:in `call_app'
railties (5.2.3) lib/rails/rack/logger.rb:26:in `block in call'
activesupport (5.2.3) lib/active_support/tagged_logging.rb:71:in `block in tagged'
activesupport (5.2.3) lib/active_support/tagged_logging.rb:28:in `tagged'
activesupport (5.2.3) lib/active_support/tagged_logging.rb:71:in `tagged'
railties (5.2.3) lib/rails/rack/logger.rb:26:in `call'
sprockets-rails (3.2.1) lib/sprockets/rails/quiet_assets.rb:13:in `call'
actionpack (5.2.3) lib/action_dispatch/middleware/remote_ip.rb:81:in `call'
actionpack (5.2.3) lib/action_dispatch/middleware/request_id.rb:27:in `call'
rack (2.0.7) lib/rack/method_override.rb:22:in `call'
rack (2.0.7) lib/rack/runtime.rb:22:in `call'
activesupport (5.2.3) lib/active_support/cache/strategy/local_cache_middleware.rb:29:in `call'
actionpack (5.2.3) lib/action_dispatch/middleware/executor.rb:14:in `call'
actionpack (5.2.3) lib/action_dispatch/middleware/static.rb:127:in `call'
rack (2.0.7) lib/rack/sendfile.rb:111:in `call'
railties (5.2.3) lib/rails/engine.rb:524:in `call'
puma (3.12.1) lib/puma/configuration.rb:227:in `call'
puma (3.12.1) lib/puma/server.rb:660:in `handle_request'
puma (3.12.1) lib/puma/server.rb:474:in `process_client'
puma (3.12.1) lib/puma/server.rb:334:in `block in run'
puma (3.12.1) lib/puma/thread_pool.rb:135:in `block in spawn_thread'
Started GET "/pages/about" for ::1 at 2019-08-12 09:30:59 -0700
Processing by PagesController#about as HTML
  Rendering pages/about.html.erb within layouts/application
  Rendered pages/about.html.erb within layouts/application (1.4ms)
Completed 200 OK in 137ms (Views: 131.3ms | ActiveRecord: 0.0ms)


Started GET "/pages/home" for ::1 at 2019-08-12 09:32:02 -0700
Processing by PagesController#home as HTML
  Rendering pages/home.html.erb within layouts/application
  Rendered pages/home.html.erb within layouts/application (0.4ms)
Completed 200 OK in 96ms (Views: 89.5ms | ActiveRecord: 0.0ms)


Started GET "/pages/home" for ::1 at 2019-08-12 09:33:05 -0700
Processing by PagesController#home as HTML
  Rendering pages/home.html.erb within layouts/application
  Rendered pages/home.html.erb within layouts/application (1.0ms)
Completed 200 OK in 54ms (Views: 43.0ms | ActiveRecord: 0.0ms)


Started GET "/pages/home" for ::1 at 2019-08-12 09:33:49 -0700
Processing by PagesController#home as HTML
  Rendering pages/home.html.erb within layouts/application
  Rendered pages/home.html.erb within layouts/application (0.6ms)
Completed 200 OK in 71ms (Views: 62.3ms | ActiveRecord: 0.0ms)


Started GET "/pages/home" for ::1 at 2019-08-12 09:33:51 -0700
Processing by PagesController#home as HTML
  Rendering pages/home.html.erb within layouts/application
  Rendered pages/home.html.erb within layouts/application (0.6ms)
Completed 200 OK in 42ms (Views: 32.2ms | ActiveRecord: 0.0ms)


Started GET "/pages/home" for ::1 at 2019-08-12 09:33:51 -0700
Processing by PagesController#home as HTML
  Rendering pages/home.html.erb within layouts/application
  Rendered pages/home.html.erb within layouts/application (0.5ms)
Completed 200 OK in 30ms (Views: 26.2ms | ActiveRecord: 0.0ms)


Started GET "/pages/home" for ::1 at 2019-08-12 09:33:51 -0700
Processing by PagesController#home as HTML
  Rendering pages/home.html.erb within layouts/application
  Rendered pages/home.html.erb within layouts/application (0.9ms)
Completed 200 OK in 47ms (Views: 36.1ms | ActiveRecord: 0.0ms)


Started GET "/pages/home" for ::1 at 2019-08-12 09:33:52 -0700
Processing by PagesController#home as HTML
  Rendering pages/home.html.erb within layouts/application
  Rendered pages/home.html.erb within layouts/application (2.2ms)
Completed 200 OK in 60ms (Views: 53.2ms | ActiveRecord: 0.0ms)


Started GET "/pages/home" for ::1 at 2019-08-12 09:33:52 -0700
Processing by PagesController#home as HTML
  Rendering pages/home.html.erb within layouts/application
  Rendered pages/home.html.erb within layouts/application (0.8ms)
Completed 200 OK in 58ms (Views: 46.8ms | ActiveRecord: 0.0ms)


Started GET "/pages/home" for ::1 at 2019-08-12 09:33:52 -0700
Processing by PagesController#home as HTML
  Rendering pages/home.html.erb within layouts/application
  Rendered pages/home.html.erb within layouts/application (1.8ms)
Completed 200 OK in 50ms (Views: 46.0ms | ActiveRecord: 0.0ms)


Started GET "/pages/home" for ::1 at 2019-08-12 09:33:52 -0700
Processing by PagesController#home as HTML
  Rendering pages/home.html.erb within layouts/application
  Rendered pages/home.html.erb within layouts/application (0.7ms)
Completed 200 OK in 67ms (Views: 48.3ms | ActiveRecord: 0.0ms)


Started GET "/pages/home" for ::1 at 2019-08-12 09:33:52 -0700
Processing by PagesController#home as HTML
  Rendering pages/home.html.erb within layouts/application
  Rendered pages/home.html.erb within layouts/application (0.8ms)
Completed 200 OK in 83ms (Views: 68.2ms | ActiveRecord: 0.0ms)


Started GET "/pages/home" for ::1 at 2019-08-12 09:33:53 -0700
Processing by PagesController#home as HTML
  Rendering pages/home.html.erb within layouts/application
  Rendered pages/home.html.erb within layouts/application (0.4ms)
Completed 200 OK in 48ms (Views: 40.7ms | ActiveRecord: 0.0ms)


Started GET "/pages/home" for ::1 at 2019-08-12 09:33:53 -0700
Processing by PagesController#home as HTML
  Rendering pages/home.html.erb within layouts/application
  Rendered pages/home.html.erb within layouts/application (0.8ms)
Completed 200 OK in 71ms (Views: 53.4ms | ActiveRecord: 0.0ms)


Started GET "/pages/home" for ::1 at 2019-08-12 09:33:53 -0700
Processing by PagesController#home as HTML
  Rendering pages/home.html.erb within layouts/application
  Rendered pages/home.html.erb within layouts/application (1.2ms)
Completed 200 OK in 76ms (Views: 69.5ms | ActiveRecord: 0.0ms)


Started GET "/pages/about" for ::1 at 2019-08-12 09:33:57 -0700
Processing by PagesController#about as HTML
  Rendering pages/about.html.erb within layouts/application
  Rendered pages/about.html.erb within layouts/application (0.8ms)
Completed 200 OK in 52ms (Views: 41.8ms | ActiveRecord: 0.0ms)


Started GET "/pages/home" for ::1 at 2019-08-12 09:33:58 -0700
Processing by PagesController#home as HTML
  Rendering pages/home.html.erb within layouts/application
  Rendered pages/home.html.erb within layouts/application (1.8ms)
Completed 200 OK in 57ms (Views: 51.1ms | ActiveRecord: 0.0ms)


Started GET "/pages/about" for ::1 at 2019-08-12 09:33:58 -0700
Processing by PagesController#about as HTML
  Rendering pages/about.html.erb within layouts/application
  Rendered pages/about.html.erb within layouts/application (1.0ms)
Completed 200 OK in 65ms (Views: 40.5ms | ActiveRecord: 0.0ms)


Started GET "/pages/home" for ::1 at 2019-08-12 09:34:00 -0700
Processing by PagesController#home as HTML
  Rendering pages/home.html.erb within layouts/application
  Rendered pages/home.html.erb within layouts/application (0.8ms)
Completed 200 OK in 96ms (Views: 63.4ms | ActiveRecord: 0.0ms)


Started GET "/pages/home" for ::1 at 2019-08-12 09:34:43 -0700
Processing by PagesController#home as HTML
  Rendering pages/home.html.erb within layouts/application
  Rendered pages/home.html.erb within layouts/application (0.7ms)
Completed 200 OK in 64ms (Views: 52.0ms | ActiveRecord: 0.0ms)


Started GET "/pages/home" for ::1 at 2019-08-12 09:34:45 -0700
Processing by PagesController#home as HTML
  Rendering pages/home.html.erb within layouts/application
  Rendered pages/home.html.erb within layouts/application (0.6ms)
Completed 200 OK in 36ms (Views: 27.5ms | ActiveRecord: 0.0ms)


Started GET "/pages/home" for ::1 at 2019-08-12 09:34:52 -0700
Processing by PagesController#home as HTML
  Rendering pages/home.html.erb within layouts/application
  Rendered pages/home.html.erb within layouts/application (0.7ms)
Completed 200 OK in 32ms (Views: 22.4ms | ActiveRecord: 0.0ms)


Started GET "/pages/home" for ::1 at 2019-08-12 09:34:53 -0700
Processing by PagesController#home as HTML
  Rendering pages/home.html.erb within layouts/application
  Rendered pages/home.html.erb within layouts/application (0.6ms)
Completed 200 OK in 36ms (Views: 30.8ms | ActiveRecord: 0.0ms)


Started GET "/pages/home" for ::1 at 2019-08-12 09:35:03 -0700
Processing by PagesController#home as HTML
  Rendering pages/home.html.erb within layouts/application
  Rendered pages/home.html.erb within layouts/application (0.8ms)
Completed 200 OK in 55ms (Views: 45.7ms | ActiveRecord: 0.0ms)


Started GET "/pages/home" for ::1 at 2019-08-12 09:38:25 -0700
Processing by PagesController#home as HTML
  Rendering pages/home.html.erb within layouts/application
  Rendered pages/home.html.erb within layouts/application (0.9ms)
Completed 200 OK in 50ms (Views: 42.8ms | ActiveRecord: 0.0ms)


Started GET "/pages/home" for ::1 at 2019-08-12 09:38:37 -0700
Processing by PagesController#home as HTML
  Rendering pages/home.html.erb within layouts/application
  Rendered pages/home.html.erb within layouts/application (0.5ms)
Completed 200 OK in 44ms (Views: 30.7ms | ActiveRecord: 0.0ms)


Started GET "/pages/about" for ::1 at 2019-08-12 09:38:51 -0700
Processing by PagesController#about as HTML
  Rendering pages/about.html.erb within layouts/application
  Rendered pages/about.html.erb within layouts/application (0.9ms)
Completed 200 OK in 53ms (Views: 44.9ms | ActiveRecord: 0.0ms)


Started GET "/pages/home" for ::1 at 2019-08-12 09:38:57 -0700
Processing by PagesController#home as HTML
  Rendering pages/home.html.erb within layouts/application
  Rendered pages/home.html.erb within layouts/application (0.8ms)
Completed 200 OK in 63ms (Views: 53.9ms | ActiveRecord: 0.0ms)


Started GET "/pages/home" for ::1 at 2019-08-12 09:39:27 -0700
Processing by PagesController#home as HTML
  Rendering pages/home.html.erb within layouts/application
  Rendered pages/home.html.erb within layouts/application (0.8ms)
Completed 200 OK in 39ms (Views: 35.3ms | ActiveRecord: 0.0ms)


Started GET "/pages/about" for ::1 at 2019-08-12 09:39:29 -0700
Processing by PagesController#about as HTML
  Rendering pages/about.html.erb within layouts/application
  Rendered pages/about.html.erb within layouts/application (0.5ms)
Completed 200 OK in 52ms (Views: 35.2ms | ActiveRecord: 0.0ms)


Started GET "/pages/home" for ::1 at 2019-08-12 09:40:15 -0700
Processing by PagesController#home as HTML
  Rendering pages/home.html.erb within layouts/application
  Rendered pages/home.html.erb within layouts/application (1.8ms)
Completed 200 OK in 65ms (Views: 54.6ms | ActiveRecord: 0.0ms)


Started GET "/pages/home" for ::1 at 2019-08-12 09:41:20 -0700
Processing by PagesController#home as HTML
  Rendering pages/home.html.erb within layouts/application
  Rendered pages/home.html.erb within layouts/application (0.5ms)
Completed 200 OK in 38ms (Views: 28.4ms | ActiveRecord: 0.0ms)


Started GET "/pages/home" for ::1 at 2019-08-12 09:42:02 -0700
Processing by PagesController#home as HTML
  Rendering pages/home.html.erb within layouts/application
  Rendered pages/home.html.erb within layouts/application (2.0ms)
Completed 200 OK in 50ms (Views: 42.0ms | ActiveRecord: 0.0ms)


Started GET "/pages/home" for ::1 at 2019-08-12 09:45:37 -0700
Processing by PagesController#home as HTML
  Rendering pages/home.html.erb within layouts/application
  Rendered pages/home.html.erb within layouts/application (0.5ms)
Completed 200 OK in 59ms (Views: 38.9ms | ActiveRecord: 0.0ms)


Started GET "/pages/home" for ::1 at 2019-08-12 09:47:03 -0700
Processing by PagesController#home as HTML
  Rendering pages/home.html.erb within layouts/application
  Rendered pages/home.html.erb within layouts/application (0.5ms)
Completed 200 OK in 40ms (Views: 32.1ms | ActiveRecord: 0.0ms)


Started GET "/pages/home" for ::1 at 2019-08-12 09:47:38 -0700
Processing by PagesController#home as HTML
  Rendering pages/home.html.erb within layouts/application
  Rendered pages/home.html.erb within layouts/application (0.5ms)
Completed 200 OK in 43ms (Views: 30.0ms | ActiveRecord: 0.0ms)


Started GET "/pages/home" for ::1 at 2019-08-12 09:48:10 -0700
Processing by PagesController#home as HTML
  Rendering pages/home.html.erb within layouts/application
  Rendered pages/home.html.erb within layouts/application (0.5ms)
Completed 200 OK in 41ms (Views: 26.6ms | ActiveRecord: 0.0ms)


Started GET "/pages/home" for ::1 at 2019-08-12 10:03:08 -0700
Processing by PagesController#home as HTML
  Rendering pages/home.html.erb within layouts/application
  Rendered pages/home.html.erb within layouts/application (1.5ms)
Completed 200 OK in 83ms (Views: 76.0ms | ActiveRecord: 0.0ms)


Started GET "/pages/498178753.jpg" for ::1 at 2019-08-12 10:03:08 -0700
  
ActionController::RoutingError (No route matches [GET] "/pages/498178753.jpg"):
  
actionpack (5.2.3) lib/action_dispatch/middleware/debug_exceptions.rb:65:in `call'
web-console (3.7.0) lib/web_console/middleware.rb:135:in `call_app'
web-console (3.7.0) lib/web_console/middleware.rb:30:in `block in call'
web-console (3.7.0) lib/web_console/middleware.rb:20:in `catch'
web-console (3.7.0) lib/web_console/middleware.rb:20:in `call'
actionpack (5.2.3) lib/action_dispatch/middleware/show_exceptions.rb:33:in `call'
railties (5.2.3) lib/rails/rack/logger.rb:38:in `call_app'
railties (5.2.3) lib/rails/rack/logger.rb:26:in `block in call'
activesupport (5.2.3) lib/active_support/tagged_logging.rb:71:in `block in tagged'
activesupport (5.2.3) lib/active_support/tagged_logging.rb:28:in `tagged'
activesupport (5.2.3) lib/active_support/tagged_logging.rb:71:in `tagged'
railties (5.2.3) lib/rails/rack/logger.rb:26:in `call'
sprockets-rails (3.2.1) lib/sprockets/rails/quiet_assets.rb:13:in `call'
actionpack (5.2.3) lib/action_dispatch/middleware/remote_ip.rb:81:in `call'
actionpack (5.2.3) lib/action_dispatch/middleware/request_id.rb:27:in `call'
rack (2.0.7) lib/rack/method_override.rb:22:in `call'
rack (2.0.7) lib/rack/runtime.rb:22:in `call'
activesupport (5.2.3) lib/active_support/cache/strategy/local_cache_middleware.rb:29:in `call'
actionpack (5.2.3) lib/action_dispatch/middleware/executor.rb:14:in `call'
actionpack (5.2.3) lib/action_dispatch/middleware/static.rb:127:in `call'
rack (2.0.7) lib/rack/sendfile.rb:111:in `call'
railties (5.2.3) lib/rails/engine.rb:524:in `call'
puma (3.12.1) lib/puma/configuration.rb:227:in `call'
puma (3.12.1) lib/puma/server.rb:660:in `handle_request'
puma (3.12.1) lib/puma/server.rb:474:in `process_client'
puma (3.12.1) lib/puma/server.rb:334:in `block in run'
puma (3.12.1) lib/puma/thread_pool.rb:135:in `block in spawn_thread'
Started GET "/pages/home" for ::1 at 2019-08-12 10:03:24 -0700
Processing by PagesController#home as HTML
  Rendering pages/home.html.erb within layouts/application
  Rendered pages/home.html.erb within layouts/application (0.6ms)
Completed 200 OK in 43ms (Views: 31.0ms | ActiveRecord: 0.0ms)


Started GET "/pages/498178753.jpg" for ::1 at 2019-08-12 10:03:24 -0700
  
ActionController::RoutingError (No route matches [GET] "/pages/498178753.jpg"):
  
actionpack (5.2.3) lib/action_dispatch/middleware/debug_exceptions.rb:65:in `call'
web-console (3.7.0) lib/web_console/middleware.rb:135:in `call_app'
web-console (3.7.0) lib/web_console/middleware.rb:30:in `block in call'
web-console (3.7.0) lib/web_console/middleware.rb:20:in `catch'
web-console (3.7.0) lib/web_console/middleware.rb:20:in `call'
actionpack (5.2.3) lib/action_dispatch/middleware/show_exceptions.rb:33:in `call'
railties (5.2.3) lib/rails/rack/logger.rb:38:in `call_app'
railties (5.2.3) lib/rails/rack/logger.rb:26:in `block in call'
activesupport (5.2.3) lib/active_support/tagged_logging.rb:71:in `block in tagged'
activesupport (5.2.3) lib/active_support/tagged_logging.rb:28:in `tagged'
activesupport (5.2.3) lib/active_support/tagged_logging.rb:71:in `tagged'
railties (5.2.3) lib/rails/rack/logger.rb:26:in `call'
sprockets-rails (3.2.1) lib/sprockets/rails/quiet_assets.rb:13:in `call'
actionpack (5.2.3) lib/action_dispatch/middleware/remote_ip.rb:81:in `call'
actionpack (5.2.3) lib/action_dispatch/middleware/request_id.rb:27:in `call'
rack (2.0.7) lib/rack/method_override.rb:22:in `call'
rack (2.0.7) lib/rack/runtime.rb:22:in `call'
activesupport (5.2.3) lib/active_support/cache/strategy/local_cache_middleware.rb:29:in `call'
actionpack (5.2.3) lib/action_dispatch/middleware/executor.rb:14:in `call'
actionpack (5.2.3) lib/action_dispatch/middleware/static.rb:127:in `call'
rack (2.0.7) lib/rack/sendfile.rb:111:in `call'
railties (5.2.3) lib/rails/engine.rb:524:in `call'
puma (3.12.1) lib/puma/configuration.rb:227:in `call'
puma (3.12.1) lib/puma/server.rb:660:in `handle_request'
puma (3.12.1) lib/puma/server.rb:474:in `process_client'
puma (3.12.1) lib/puma/server.rb:334:in `block in run'
puma (3.12.1) lib/puma/thread_pool.rb:135:in `block in spawn_thread'
Started GET "/pages/home" for ::1 at 2019-08-12 10:04:03 -0700
Processing by PagesController#home as HTML
  Rendering pages/home.html.erb within layouts/application
  Rendered pages/home.html.erb within layouts/application (0.8ms)
Completed 200 OK in 127ms (Views: 112.3ms | ActiveRecord: 0.0ms)


Started GET "/pages/498178753.jpg" for ::1 at 2019-08-12 10:04:04 -0700
  
ActionController::RoutingError (No route matches [GET] "/pages/498178753.jpg"):
  
actionpack (5.2.3) lib/action_dispatch/middleware/debug_exceptions.rb:65:in `call'
web-console (3.7.0) lib/web_console/middleware.rb:135:in `call_app'
web-console (3.7.0) lib/web_console/middleware.rb:30:in `block in call'
web-console (3.7.0) lib/web_console/middleware.rb:20:in `catch'
web-console (3.7.0) lib/web_console/middleware.rb:20:in `call'
actionpack (5.2.3) lib/action_dispatch/middleware/show_exceptions.rb:33:in `call'
railties (5.2.3) lib/rails/rack/logger.rb:38:in `call_app'
railties (5.2.3) lib/rails/rack/logger.rb:26:in `block in call'
activesupport (5.2.3) lib/active_support/tagged_logging.rb:71:in `block in tagged'
activesupport (5.2.3) lib/active_support/tagged_logging.rb:28:in `tagged'
activesupport (5.2.3) lib/active_support/tagged_logging.rb:71:in `tagged'
railties (5.2.3) lib/rails/rack/logger.rb:26:in `call'
sprockets-rails (3.2.1) lib/sprockets/rails/quiet_assets.rb:13:in `call'
actionpack (5.2.3) lib/action_dispatch/middleware/remote_ip.rb:81:in `call'
actionpack (5.2.3) lib/action_dispatch/middleware/request_id.rb:27:in `call'
rack (2.0.7) lib/rack/method_override.rb:22:in `call'
rack (2.0.7) lib/rack/runtime.rb:22:in `call'
activesupport (5.2.3) lib/active_support/cache/strategy/local_cache_middleware.rb:29:in `call'
actionpack (5.2.3) lib/action_dispatch/middleware/executor.rb:14:in `call'
actionpack (5.2.3) lib/action_dispatch/middleware/static.rb:127:in `call'
rack (2.0.7) lib/rack/sendfile.rb:111:in `call'
railties (5.2.3) lib/rails/engine.rb:524:in `call'
puma (3.12.1) lib/puma/configuration.rb:227:in `call'
puma (3.12.1) lib/puma/server.rb:660:in `handle_request'
puma (3.12.1) lib/puma/server.rb:474:in `process_client'
puma (3.12.1) lib/puma/server.rb:334:in `block in run'
puma (3.12.1) lib/puma/thread_pool.rb:135:in `block in spawn_thread'
Started GET "/pages/home" for ::1 at 2019-08-12 10:05:05 -0700
Processing by PagesController#home as HTML
  Rendering pages/home.html.erb within layouts/application
  Rendered pages/home.html.erb within layouts/application (1.1ms)
Completed 200 OK in 170ms (Views: 159.6ms | ActiveRecord: 0.0ms)


Started GET "/pages/498178753.jpg" for ::1 at 2019-08-12 10:05:05 -0700
  
ActionController::RoutingError (No route matches [GET] "/pages/498178753.jpg"):
  
actionpack (5.2.3) lib/action_dispatch/middleware/debug_exceptions.rb:65:in `call'
web-console (3.7.0) lib/web_console/middleware.rb:135:in `call_app'
web-console (3.7.0) lib/web_console/middleware.rb:30:in `block in call'
web-console (3.7.0) lib/web_console/middleware.rb:20:in `catch'
web-console (3.7.0) lib/web_console/middleware.rb:20:in `call'
actionpack (5.2.3) lib/action_dispatch/middleware/show_exceptions.rb:33:in `call'
railties (5.2.3) lib/rails/rack/logger.rb:38:in `call_app'
railties (5.2.3) lib/rails/rack/logger.rb:26:in `block in call'
activesupport (5.2.3) lib/active_support/tagged_logging.rb:71:in `block in tagged'
activesupport (5.2.3) lib/active_support/tagged_logging.rb:28:in `tagged'
activesupport (5.2.3) lib/active_support/tagged_logging.rb:71:in `tagged'
railties (5.2.3) lib/rails/rack/logger.rb:26:in `call'
sprockets-rails (3.2.1) lib/sprockets/rails/quiet_assets.rb:13:in `call'
actionpack (5.2.3) lib/action_dispatch/middleware/remote_ip.rb:81:in `call'
actionpack (5.2.3) lib/action_dispatch/middleware/request_id.rb:27:in `call'
rack (2.0.7) lib/rack/method_override.rb:22:in `call'
rack (2.0.7) lib/rack/runtime.rb:22:in `call'
activesupport (5.2.3) lib/active_support/cache/strategy/local_cache_middleware.rb:29:in `call'
actionpack (5.2.3) lib/action_dispatch/middleware/executor.rb:14:in `call'
actionpack (5.2.3) lib/action_dispatch/middleware/static.rb:127:in `call'
rack (2.0.7) lib/rack/sendfile.rb:111:in `call'
railties (5.2.3) lib/rails/engine.rb:524:in `call'
puma (3.12.1) lib/puma/configuration.rb:227:in `call'
puma (3.12.1) lib/puma/server.rb:660:in `handle_request'
puma (3.12.1) lib/puma/server.rb:474:in `process_client'
puma (3.12.1) lib/puma/server.rb:334:in `block in run'
puma (3.12.1) lib/puma/thread_pool.rb:135:in `block in spawn_thread'
Started GET "/pages/home" for ::1 at 2019-08-12 10:05:50 -0700
Processing by PagesController#home as HTML
  Rendering pages/home.html.erb within layouts/application
  Rendered pages/home.html.erb within layouts/application (0.5ms)
Completed 200 OK in 78ms (Views: 67.3ms | ActiveRecord: 0.0ms)


Started GET "/pages/498178753.jpg" for ::1 at 2019-08-12 10:05:50 -0700
  
ActionController::RoutingError (No route matches [GET] "/pages/498178753.jpg"):
  
actionpack (5.2.3) lib/action_dispatch/middleware/debug_exceptions.rb:65:in `call'
web-console (3.7.0) lib/web_console/middleware.rb:135:in `call_app'
web-console (3.7.0) lib/web_console/middleware.rb:30:in `block in call'
web-console (3.7.0) lib/web_console/middleware.rb:20:in `catch'
web-console (3.7.0) lib/web_console/middleware.rb:20:in `call'
actionpack (5.2.3) lib/action_dispatch/middleware/show_exceptions.rb:33:in `call'
railties (5.2.3) lib/rails/rack/logger.rb:38:in `call_app'
railties (5.2.3) lib/rails/rack/logger.rb:26:in `block in call'
activesupport (5.2.3) lib/active_support/tagged_logging.rb:71:in `block in tagged'
activesupport (5.2.3) lib/active_support/tagged_logging.rb:28:in `tagged'
activesupport (5.2.3) lib/active_support/tagged_logging.rb:71:in `tagged'
railties (5.2.3) lib/rails/rack/logger.rb:26:in `call'
sprockets-rails (3.2.1) lib/sprockets/rails/quiet_assets.rb:13:in `call'
actionpack (5.2.3) lib/action_dispatch/middleware/remote_ip.rb:81:in `call'
actionpack (5.2.3) lib/action_dispatch/middleware/request_id.rb:27:in `call'
rack (2.0.7) lib/rack/method_override.rb:22:in `call'
rack (2.0.7) lib/rack/runtime.rb:22:in `call'
activesupport (5.2.3) lib/active_support/cache/strategy/local_cache_middleware.rb:29:in `call'
actionpack (5.2.3) lib/action_dispatch/middleware/executor.rb:14:in `call'
actionpack (5.2.3) lib/action_dispatch/middleware/static.rb:127:in `call'
rack (2.0.7) lib/rack/sendfile.rb:111:in `call'
railties (5.2.3) lib/rails/engine.rb:524:in `call'
puma (3.12.1) lib/puma/configuration.rb:227:in `call'
puma (3.12.1) lib/puma/server.rb:660:in `handle_request'
puma (3.12.1) lib/puma/server.rb:474:in `process_client'
puma (3.12.1) lib/puma/server.rb:334:in `block in run'
puma (3.12.1) lib/puma/thread_pool.rb:135:in `block in spawn_thread'
Started GET "/pages/home" for ::1 at 2019-08-12 10:07:42 -0700
Processing by PagesController#home as HTML
  Rendering pages/home.html.erb within layouts/application
  Rendered pages/home.html.erb within layouts/application (0.5ms)
Completed 200 OK in 57ms (Views: 43.4ms | ActiveRecord: 0.0ms)


Started GET "/public/498178753.jpg" for ::1 at 2019-08-12 10:07:43 -0700
  
ActionController::RoutingError (No route matches [GET] "/public/498178753.jpg"):
  
actionpack (5.2.3) lib/action_dispatch/middleware/debug_exceptions.rb:65:in `call'
web-console (3.7.0) lib/web_console/middleware.rb:135:in `call_app'
web-console (3.7.0) lib/web_console/middleware.rb:30:in `block in call'
web-console (3.7.0) lib/web_console/middleware.rb:20:in `catch'
web-console (3.7.0) lib/web_console/middleware.rb:20:in `call'
actionpack (5.2.3) lib/action_dispatch/middleware/show_exceptions.rb:33:in `call'
railties (5.2.3) lib/rails/rack/logger.rb:38:in `call_app'
railties (5.2.3) lib/rails/rack/logger.rb:26:in `block in call'
activesupport (5.2.3) lib/active_support/tagged_logging.rb:71:in `block in tagged'
activesupport (5.2.3) lib/active_support/tagged_logging.rb:28:in `tagged'
activesupport (5.2.3) lib/active_support/tagged_logging.rb:71:in `tagged'
railties (5.2.3) lib/rails/rack/logger.rb:26:in `call'
sprockets-rails (3.2.1) lib/sprockets/rails/quiet_assets.rb:13:in `call'
actionpack (5.2.3) lib/action_dispatch/middleware/remote_ip.rb:81:in `call'
actionpack (5.2.3) lib/action_dispatch/middleware/request_id.rb:27:in `call'
rack (2.0.7) lib/rack/method_override.rb:22:in `call'
rack (2.0.7) lib/rack/runtime.rb:22:in `call'
activesupport (5.2.3) lib/active_support/cache/strategy/local_cache_middleware.rb:29:in `call'
actionpack (5.2.3) lib/action_dispatch/middleware/executor.rb:14:in `call'
actionpack (5.2.3) lib/action_dispatch/middleware/static.rb:127:in `call'
rack (2.0.7) lib/rack/sendfile.rb:111:in `call'
railties (5.2.3) lib/rails/engine.rb:524:in `call'
puma (3.12.1) lib/puma/configuration.rb:227:in `call'
puma (3.12.1) lib/puma/server.rb:660:in `handle_request'
puma (3.12.1) lib/puma/server.rb:474:in `process_client'
puma (3.12.1) lib/puma/server.rb:334:in `block in run'
puma (3.12.1) lib/puma/thread_pool.rb:135:in `block in spawn_thread'
Started GET "/pages/home" for ::1 at 2019-08-12 10:07:53 -0700
Processing by PagesController#home as HTML
  Rendering pages/home.html.erb within layouts/application
  Rendered pages/home.html.erb within layouts/application (0.5ms)
Completed 200 OK in 37ms (Views: 28.6ms | ActiveRecord: 0.0ms)


Started GET "/public/spring.jpg" for ::1 at 2019-08-12 10:07:53 -0700
  
ActionController::RoutingError (No route matches [GET] "/public/spring.jpg"):
  
actionpack (5.2.3) lib/action_dispatch/middleware/debug_exceptions.rb:65:in `call'
web-console (3.7.0) lib/web_console/middleware.rb:135:in `call_app'
web-console (3.7.0) lib/web_console/middleware.rb:30:in `block in call'
web-console (3.7.0) lib/web_console/middleware.rb:20:in `catch'
web-console (3.7.0) lib/web_console/middleware.rb:20:in `call'
actionpack (5.2.3) lib/action_dispatch/middleware/show_exceptions.rb:33:in `call'
railties (5.2.3) lib/rails/rack/logger.rb:38:in `call_app'
railties (5.2.3) lib/rails/rack/logger.rb:26:in `block in call'
activesupport (5.2.3) lib/active_support/tagged_logging.rb:71:in `block in tagged'
activesupport (5.2.3) lib/active_support/tagged_logging.rb:28:in `tagged'
activesupport (5.2.3) lib/active_support/tagged_logging.rb:71:in `tagged'
railties (5.2.3) lib/rails/rack/logger.rb:26:in `call'
sprockets-rails (3.2.1) lib/sprockets/rails/quiet_assets.rb:13:in `call'
actionpack (5.2.3) lib/action_dispatch/middleware/remote_ip.rb:81:in `call'
actionpack (5.2.3) lib/action_dispatch/middleware/request_id.rb:27:in `call'
rack (2.0.7) lib/rack/method_override.rb:22:in `call'
rack (2.0.7) lib/rack/runtime.rb:22:in `call'
activesupport (5.2.3) lib/active_support/cache/strategy/local_cache_middleware.rb:29:in `call'
actionpack (5.2.3) lib/action_dispatch/middleware/executor.rb:14:in `call'
actionpack (5.2.3) lib/action_dispatch/middleware/static.rb:127:in `call'
rack (2.0.7) lib/rack/sendfile.rb:111:in `call'
railties (5.2.3) lib/rails/engine.rb:524:in `call'
puma (3.12.1) lib/puma/configuration.rb:227:in `call'
puma (3.12.1) lib/puma/server.rb:660:in `handle_request'
puma (3.12.1) lib/puma/server.rb:474:in `process_client'
puma (3.12.1) lib/puma/server.rb:334:in `block in run'
puma (3.12.1) lib/puma/thread_pool.rb:135:in `block in spawn_thread'
Started GET "/pages/home" for ::1 at 2019-08-12 10:08:08 -0700
Processing by PagesController#home as HTML
  Rendering pages/home.html.erb within layouts/application
  Rendered pages/home.html.erb within layouts/application (0.9ms)
Completed 200 OK in 42ms (Views: 31.9ms | ActiveRecord: 0.0ms)


Started GET "/pages/public/spring.jpg" for ::1 at 2019-08-12 10:08:08 -0700
  
ActionController::RoutingError (No route matches [GET] "/pages/public/spring.jpg"):
  
actionpack (5.2.3) lib/action_dispatch/middleware/debug_exceptions.rb:65:in `call'
web-console (3.7.0) lib/web_console/middleware.rb:135:in `call_app'
web-console (3.7.0) lib/web_console/middleware.rb:30:in `block in call'
web-console (3.7.0) lib/web_console/middleware.rb:20:in `catch'
web-console (3.7.0) lib/web_console/middleware.rb:20:in `call'
actionpack (5.2.3) lib/action_dispatch/middleware/show_exceptions.rb:33:in `call'
railties (5.2.3) lib/rails/rack/logger.rb:38:in `call_app'
railties (5.2.3) lib/rails/rack/logger.rb:26:in `block in call'
activesupport (5.2.3) lib/active_support/tagged_logging.rb:71:in `block in tagged'
activesupport (5.2.3) lib/active_support/tagged_logging.rb:28:in `tagged'
activesupport (5.2.3) lib/active_support/tagged_logging.rb:71:in `tagged'
railties (5.2.3) lib/rails/rack/logger.rb:26:in `call'
sprockets-rails (3.2.1) lib/sprockets/rails/quiet_assets.rb:13:in `call'
actionpack (5.2.3) lib/action_dispatch/middleware/remote_ip.rb:81:in `call'
actionpack (5.2.3) lib/action_dispatch/middleware/request_id.rb:27:in `call'
rack (2.0.7) lib/rack/method_override.rb:22:in `call'
rack (2.0.7) lib/rack/runtime.rb:22:in `call'
activesupport (5.2.3) lib/active_support/cache/strategy/local_cache_middleware.rb:29:in `call'
actionpack (5.2.3) lib/action_dispatch/middleware/executor.rb:14:in `call'
actionpack (5.2.3) lib/action_dispatch/middleware/static.rb:127:in `call'
rack (2.0.7) lib/rack/sendfile.rb:111:in `call'
railties (5.2.3) lib/rails/engine.rb:524:in `call'
puma (3.12.1) lib/puma/configuration.rb:227:in `call'
puma (3.12.1) lib/puma/server.rb:660:in `handle_request'
puma (3.12.1) lib/puma/server.rb:474:in `process_client'
puma (3.12.1) lib/puma/server.rb:334:in `block in run'
puma (3.12.1) lib/puma/thread_pool.rb:135:in `block in spawn_thread'
Started GET "/pages/home" for ::1 at 2019-08-12 10:11:22 -0700
Processing by PagesController#home as HTML
  Rendering pages/home.html.erb within layouts/application
  Rendered pages/home.html.erb within layouts/application (1.3ms)
Completed 200 OK in 45ms (Views: 33.9ms | ActiveRecord: 0.0ms)


Started GET "/pages/home" for ::1 at 2019-08-12 10:12:22 -0700
Processing by PagesController#home as HTML
  Rendering pages/home.html.erb within layouts/application
  Rendered pages/home.html.erb within layouts/application (0.7ms)
Completed 200 OK in 71ms (Views: 65.1ms | ActiveRecord: 0.0ms)


Started GET "/pages/home" for ::1 at 2019-08-12 10:13:16 -0700
Processing by PagesController#home as HTML
  Rendering pages/home.html.erb within layouts/application
  Rendered pages/home.html.erb within layouts/application (0.7ms)
Completed 200 OK in 63ms (Views: 58.8ms | ActiveRecord: 0.0ms)


Started GET "/pages/home" for ::1 at 2019-08-12 10:14:48 -0700
Processing by PagesController#home as HTML
  Rendering pages/home.html.erb within layouts/application
  Rendered pages/home.html.erb within layouts/application (0.6ms)
Completed 200 OK in 60ms (Views: 47.8ms | ActiveRecord: 0.0ms)


Started GET "/pages/home" for ::1 at 2019-08-12 10:14:50 -0700
Processing by PagesController#home as HTML
  Rendering pages/home.html.erb within layouts/application
  Rendered pages/home.html.erb within layouts/application (0.5ms)
Completed 200 OK in 35ms (Views: 27.7ms | ActiveRecord: 0.0ms)


Started GET "/pages/home" for ::1 at 2019-08-12 10:14:51 -0700
Processing by PagesController#home as HTML
  Rendering pages/home.html.erb within layouts/application
  Rendered pages/home.html.erb within layouts/application (0.5ms)
Completed 200 OK in 28ms (Views: 24.5ms | ActiveRecord: 0.0ms)


Started GET "/pages/home" for ::1 at 2019-08-12 10:14:51 -0700
Processing by PagesController#home as HTML
  Rendering pages/home.html.erb within layouts/application
  Rendered pages/home.html.erb within layouts/application (0.5ms)
Completed 200 OK in 50ms (Views: 40.5ms | ActiveRecord: 0.0ms)


Started GET "/pages/home" for ::1 at 2019-08-12 10:14:51 -0700
Processing by PagesController#home as HTML
  Rendering pages/home.html.erb within layouts/application
  Rendered pages/home.html.erb within layouts/application (0.8ms)
Completed 200 OK in 50ms (Views: 45.3ms | ActiveRecord: 0.0ms)


Started GET "/pages/home" for ::1 at 2019-08-12 10:14:51 -0700
Processing by PagesController#home as HTML
  Rendering pages/home.html.erb within layouts/application
  Rendered pages/home.html.erb within layouts/application (0.7ms)
Completed 200 OK in 59ms (Views: 52.5ms | ActiveRecord: 0.0ms)


Started GET "/pages/home" for ::1 at 2019-08-12 10:14:52 -0700
Processing by PagesController#home as HTML
  Rendering pages/home.html.erb within layouts/application
  Rendered pages/home.html.erb within layouts/application (0.6ms)
Completed 200 OK in 39ms (Views: 34.7ms | ActiveRecord: 0.0ms)


Started GET "/pages/home" for ::1 at 2019-08-12 10:14:52 -0700
Processing by PagesController#home as HTML
  Rendering pages/home.html.erb within layouts/application
  Rendered pages/home.html.erb within layouts/application (0.6ms)
Completed 200 OK in 59ms (Views: 46.2ms | ActiveRecord: 0.0ms)


Started GET "/pages/home" for ::1 at 2019-08-12 10:14:52 -0700
Processing by PagesController#home as HTML
  Rendering pages/home.html.erb within layouts/application
  Rendered pages/home.html.erb within layouts/application (0.8ms)
Completed 200 OK in 47ms (Views: 41.1ms | ActiveRecord: 0.0ms)


Started GET "/pages/home" for ::1 at 2019-08-12 10:15:18 -0700
Processing by PagesController#home as HTML
  Rendering pages/home.html.erb within layouts/application
  Rendered pages/home.html.erb within layouts/application (0.4ms)
Completed 200 OK in 46ms (Views: 32.5ms | ActiveRecord: 0.0ms)


Started GET "/pages/home" for ::1 at 2019-08-12 10:15:20 -0700
Processing by PagesController#home as HTML
  Rendering pages/home.html.erb within layouts/application
  Rendered pages/home.html.erb within layouts/application (0.6ms)
Completed 200 OK in 37ms (Views: 28.8ms | ActiveRecord: 0.0ms)


Started GET "/pages/home" for ::1 at 2019-08-12 10:15:21 -0700
Processing by PagesController#home as HTML
  Rendering pages/home.html.erb within layouts/application
  Rendered pages/home.html.erb within layouts/application (1.5ms)
Completed 200 OK in 37ms (Views: 29.9ms | ActiveRecord: 0.0ms)


Started GET "/pages/home" for ::1 at 2019-08-12 10:15:21 -0700
Processing by PagesController#home as HTML
  Rendering pages/home.html.erb within layouts/application
  Rendered pages/home.html.erb within layouts/application (1.4ms)
Completed 200 OK in 52ms (Views: 45.4ms | ActiveRecord: 0.0ms)


Started GET "/pages/home" for ::1 at 2019-08-12 10:15:21 -0700
Processing by PagesController#home as HTML
  Rendering pages/home.html.erb within layouts/application
  Rendered pages/home.html.erb within layouts/application (0.6ms)
Completed 200 OK in 57ms (Views: 49.0ms | ActiveRecord: 0.0ms)


Started GET "/pages/home" for ::1 at 2019-08-12 10:15:21 -0700
Processing by PagesController#home as HTML
  Rendering pages/home.html.erb within layouts/application
  Rendered pages/home.html.erb within layouts/application (3.9ms)
Started GET "/pages/home" for ::1 at 2019-08-12 10:15:21 -0700
Processing by PagesController#home as HTML
  Rendering pages/home.html.erb within layouts/application
  Rendered pages/home.html.erb within layouts/application (0.6ms)
Completed 200 OK in 161ms (Views: 147.0ms | ActiveRecord: 0.0ms)


Completed 200 OK in 43ms (Views: 34.3ms | ActiveRecord: 0.0ms)


Started GET "/pages/home" for ::1 at 2019-08-12 10:15:22 -0700
Processing by PagesController#home as HTML
  Rendering pages/home.html.erb within layouts/application
  Rendered pages/home.html.erb within layouts/application (1.1ms)
Completed 200 OK in 58ms (Views: 49.9ms | ActiveRecord: 0.0ms)


Started GET "/pages/home" for ::1 at 2019-08-12 10:15:22 -0700
Processing by PagesController#home as HTML
  Rendering pages/home.html.erb within layouts/application
  Rendered pages/home.html.erb within layouts/application (1.0ms)
Completed 200 OK in 57ms (Views: 52.1ms | ActiveRecord: 0.0ms)


Started GET "/pages/home" for ::1 at 2019-08-12 10:15:22 -0700
Processing by PagesController#home as HTML
  Rendering pages/home.html.erb within layouts/application
  Rendered pages/home.html.erb within layouts/application (0.7ms)
Completed 200 OK in 69ms (Views: 58.7ms | ActiveRecord: 0.0ms)


Started GET "/pages/home" for ::1 at 2019-08-12 10:15:22 -0700
Processing by PagesController#home as HTML
  Rendering pages/home.html.erb within layouts/application
  Rendered pages/home.html.erb within layouts/application (0.8ms)
Completed 200 OK in 52ms (Views: 45.1ms | ActiveRecord: 0.0ms)


Started GET "/pages/home" for ::1 at 2019-08-12 10:15:22 -0700
Processing by PagesController#home as HTML
  Rendering pages/home.html.erb within layouts/application
  Rendered pages/home.html.erb within layouts/application (1.3ms)
Completed 200 OK in 52ms (Views: 42.3ms | ActiveRecord: 0.0ms)


Started GET "/pages/home" for ::1 at 2019-08-12 10:15:23 -0700
Processing by PagesController#home as HTML
  Rendering pages/home.html.erb within layouts/application
  Rendered pages/home.html.erb within layouts/application (0.6ms)
Completed 200 OK in 43ms (Views: 38.9ms | ActiveRecord: 0.0ms)


Started GET "/pages/home" for ::1 at 2019-08-12 10:15:34 -0700
Processing by PagesController#home as HTML
  Rendering pages/home.html.erb within layouts/application
  Rendered pages/home.html.erb within layouts/application (0.7ms)
Completed 200 OK in 53ms (Views: 41.3ms | ActiveRecord: 0.0ms)


Started GET "/pages/home" for ::1 at 2019-08-12 10:17:00 -0700
Processing by PagesController#home as HTML
  Rendering pages/home.html.erb within layouts/application
  Rendered pages/home.html.erb within layouts/application (0.6ms)
Completed 200 OK in 55ms (Views: 50.3ms | ActiveRecord: 0.0ms)


Started GET "/pages/home" for ::1 at 2019-08-12 10:17:27 -0700
Processing by PagesController#home as HTML
  Rendering pages/home.html.erb within layouts/application
  Rendered pages/home.html.erb within layouts/application (1.1ms)
Completed 200 OK in 47ms (Views: 36.6ms | ActiveRecord: 0.0ms)


Started GET "/pages/home" for ::1 at 2019-08-12 10:17:38 -0700
Processing by PagesController#home as HTML
  Rendering pages/home.html.erb within layouts/application
  Rendered pages/home.html.erb within layouts/application (1.4ms)
Completed 200 OK in 36ms (Views: 27.0ms | ActiveRecord: 0.0ms)


Started GET "/pages/home" for ::1 at 2019-08-12 10:17:55 -0700
Processing by PagesController#home as HTML
  Rendering pages/home.html.erb within layouts/application
  Rendered pages/home.html.erb within layouts/application (0.9ms)
Completed 200 OK in 42ms (Views: 30.8ms | ActiveRecord: 0.0ms)


Started GET "/pages/home" for ::1 at 2019-08-12 10:17:56 -0700
Processing by PagesController#home as HTML
  Rendering pages/home.html.erb within layouts/application
  Rendered pages/home.html.erb within layouts/application (0.5ms)
Completed 200 OK in 46ms (Views: 30.4ms | ActiveRecord: 0.0ms)


Started GET "/pages/home" for ::1 at 2019-08-12 10:18:06 -0700
Processing by PagesController#home as HTML
  Rendering pages/home.html.erb within layouts/application
  Rendered pages/home.html.erb within layouts/application (0.6ms)
Completed 200 OK in 61ms (Views: 54.0ms | ActiveRecord: 0.0ms)


Started GET "/pages/home" for ::1 at 2019-08-12 10:18:37 -0700
Processing by PagesController#home as HTML
  Rendering pages/home.html.erb within layouts/application
  Rendered pages/home.html.erb within layouts/application (0.7ms)
Completed 200 OK in 46ms (Views: 41.0ms | ActiveRecord: 0.0ms)


Started GET "/pages/home" for ::1 at 2019-08-12 10:18:47 -0700
Processing by PagesController#home as HTML
  Rendering pages/home.html.erb within layouts/application
  Rendered pages/home.html.erb within layouts/application (0.5ms)
Completed 200 OK in 42ms (Views: 35.8ms | ActiveRecord: 0.0ms)


Started GET "/pages/home" for ::1 at 2019-08-12 10:20:09 -0700
Processing by PagesController#home as HTML
  Rendering pages/home.html.erb within layouts/application
  Rendered pages/home.html.erb within layouts/application (0.5ms)
Completed 200 OK in 38ms (Views: 26.2ms | ActiveRecord: 0.0ms)


Started GET "/pages/home" for ::1 at 2019-08-12 10:20:46 -0700
Processing by PagesController#home as HTML
  Rendering pages/home.html.erb within layouts/application
  Rendered pages/home.html.erb within layouts/application (0.5ms)
Completed 200 OK in 52ms (Views: 35.9ms | ActiveRecord: 0.0ms)


Started GET "/pages/home" for ::1 at 2019-08-12 10:20:58 -0700
Processing by PagesController#home as HTML
  Rendering pages/home.html.erb within layouts/application
  Rendered pages/home.html.erb within layouts/application (1.1ms)
Completed 200 OK in 46ms (Views: 36.3ms | ActiveRecord: 0.0ms)


Started GET "/pages/home" for ::1 at 2019-08-12 10:21:27 -0700
Processing by PagesController#home as HTML
  Rendering pages/home.html.erb within layouts/application
  Rendered pages/home.html.erb within layouts/application (1.0ms)
Completed 200 OK in 42ms (Views: 31.0ms | ActiveRecord: 0.0ms)


Started GET "/pages/home" for ::1 at 2019-08-12 10:21:47 -0700
Processing by PagesController#home as HTML
  Rendering pages/home.html.erb within layouts/application
  Rendered pages/home.html.erb within layouts/application (1.0ms)
Completed 200 OK in 36ms (Views: 26.1ms | ActiveRecord: 0.0ms)


Started GET "/pages/home" for ::1 at 2019-08-12 10:22:15 -0700
Processing by PagesController#home as HTML
  Rendering pages/home.html.erb within layouts/application
  Rendered pages/home.html.erb within layouts/application (0.7ms)
Completed 200 OK in 32ms (Views: 22.8ms | ActiveRecord: 0.0ms)


Started GET "/pages/home" for ::1 at 2019-08-12 10:22:27 -0700
Processing by PagesController#home as HTML
  Rendering pages/home.html.erb within layouts/application
  Rendered pages/home.html.erb within layouts/application (0.6ms)
Completed 200 OK in 37ms (Views: 26.1ms | ActiveRecord: 0.0ms)


Started GET "/pages/home" for ::1 at 2019-08-12 10:22:29 -0700
Processing by PagesController#home as HTML
  Rendering pages/home.html.erb within layouts/application
  Rendered pages/home.html.erb within layouts/application (0.5ms)
Completed 200 OK in 41ms (Views: 31.7ms | ActiveRecord: 0.0ms)


Started GET "/pages/home" for ::1 at 2019-08-12 10:22:51 -0700
Processing by PagesController#home as HTML
  Rendering pages/home.html.erb within layouts/application
  Rendered pages/home.html.erb within layouts/application (0.5ms)
Completed 200 OK in 47ms (Views: 38.1ms | ActiveRecord: 0.0ms)


Started GET "/pages/home" for ::1 at 2019-08-12 10:23:28 -0700
Processing by PagesController#home as HTML
  Rendering pages/home.html.erb within layouts/application
  Rendered pages/home.html.erb within layouts/application (0.7ms)
Completed 200 OK in 57ms (Views: 48.6ms | ActiveRecord: 0.0ms)


Started GET "/pages/home" for ::1 at 2019-08-12 10:23:45 -0700
Processing by PagesController#home as HTML
  Rendering pages/home.html.erb within layouts/application
  Rendered pages/home.html.erb within layouts/application (0.5ms)
Completed 200 OK in 52ms (Views: 38.9ms | ActiveRecord: 0.0ms)


Started GET "/pages/home" for ::1 at 2019-08-12 10:24:24 -0700
Processing by PagesController#home as HTML
  Rendering pages/home.html.erb within layouts/application
  Rendered pages/home.html.erb within layouts/application (0.6ms)
Completed 200 OK in 51ms (Views: 42.3ms | ActiveRecord: 0.0ms)


Started GET "/pages/home" for ::1 at 2019-08-12 10:24:44 -0700
Processing by PagesController#home as HTML
  Rendering pages/home.html.erb within layouts/application
  Rendered pages/home.html.erb within layouts/application (0.6ms)
Completed 200 OK in 61ms (Views: 48.3ms | ActiveRecord: 0.0ms)


Started GET "/pages/home" for ::1 at 2019-08-12 10:25:10 -0700
Processing by PagesController#home as HTML
  Rendering pages/home.html.erb within layouts/application
  Rendered pages/home.html.erb within layouts/application (0.7ms)
Completed 200 OK in 73ms (Views: 63.3ms | ActiveRecord: 0.0ms)


Started GET "/pages/home" for ::1 at 2019-08-12 10:25:32 -0700
Processing by PagesController#home as HTML
  Rendering pages/home.html.erb within layouts/application
  Rendered pages/home.html.erb within layouts/application (1.0ms)
Completed 200 OK in 53ms (Views: 39.1ms | ActiveRecord: 0.0ms)


Started GET "/pages/home" for ::1 at 2019-08-12 10:26:10 -0700
Processing by PagesController#home as HTML
  Rendering pages/home.html.erb within layouts/application
  Rendered pages/home.html.erb within layouts/application (1.1ms)
Completed 200 OK in 40ms (Views: 31.8ms | ActiveRecord: 0.0ms)


Started GET "/pages/home" for ::1 at 2019-08-12 10:26:11 -0700
Processing by PagesController#home as HTML
  Rendering pages/home.html.erb within layouts/application
  Rendered pages/home.html.erb within layouts/application (0.5ms)
Completed 200 OK in 42ms (Views: 28.4ms | ActiveRecord: 0.0ms)


Started GET "/pages/home" for ::1 at 2019-08-12 10:26:12 -0700
Processing by PagesController#home as HTML
  Rendering pages/home.html.erb within layouts/application
  Rendered pages/home.html.erb within layouts/application (0.6ms)
Completed 200 OK in 39ms (Views: 32.3ms | ActiveRecord: 0.0ms)


Started GET "/pages/home" for ::1 at 2019-08-12 10:26:13 -0700
Processing by PagesController#home as HTML
  Rendering pages/home.html.erb within layouts/application
  Rendered pages/home.html.erb within layouts/application (1.0ms)
Completed 200 OK in 50ms (Views: 44.9ms | ActiveRecord: 0.0ms)


Started GET "/pages/home" for ::1 at 2019-08-12 10:26:13 -0700
Processing by PagesController#home as HTML
  Rendering pages/home.html.erb within layouts/application
  Rendered pages/home.html.erb within layouts/application (0.7ms)
Completed 200 OK in 89ms (Views: 83.4ms | ActiveRecord: 0.0ms)


Started GET "/pages/home" for ::1 at 2019-08-12 10:26:13 -0700
Processing by PagesController#home as HTML
  Rendering pages/home.html.erb within layouts/application
  Rendered pages/home.html.erb within layouts/application (0.8ms)
Completed 200 OK in 61ms (Views: 54.6ms | ActiveRecord: 0.0ms)


Started GET "/pages/home" for ::1 at 2019-08-12 10:26:13 -0700
Processing by PagesController#home as HTML
  Rendering pages/home.html.erb within layouts/application
  Rendered pages/home.html.erb within layouts/application (0.7ms)
Completed 200 OK in 73ms (Views: 55.9ms | ActiveRecord: 0.0ms)


Started GET "/pages/home" for ::1 at 2019-08-12 10:26:13 -0700
Processing by PagesController#home as HTML
  Rendering pages/home.html.erb within layouts/application
  Rendered pages/home.html.erb within layouts/application (0.7ms)
Completed 200 OK in 68ms (Views: 55.1ms | ActiveRecord: 0.0ms)


Started GET "/pages/home" for ::1 at 2019-08-12 10:26:14 -0700
Processing by PagesController#home as HTML
  Rendering pages/home.html.erb within layouts/application
  Rendered pages/home.html.erb within layouts/application (1.7ms)
Completed 200 OK in 67ms (Views: 60.8ms | ActiveRecord: 0.0ms)


Started GET "/pages/home" for ::1 at 2019-08-12 10:26:15 -0700
Processing by PagesController#home as HTML
  Rendering pages/home.html.erb within layouts/application
  Rendered pages/home.html.erb within layouts/application (0.8ms)
Completed 200 OK in 51ms (Views: 41.4ms | ActiveRecord: 0.0ms)


Started GET "/pages/home" for ::1 at 2019-08-12 10:26:16 -0700
Processing by PagesController#home as HTML
  Rendering pages/home.html.erb within layouts/application
  Rendered pages/home.html.erb within layouts/application (1.2ms)
Completed 200 OK in 37ms (Views: 31.2ms | ActiveRecord: 0.0ms)


Started GET "/pages/home" for ::1 at 2019-08-12 10:26:16 -0700
Processing by PagesController#home as HTML
  Rendering pages/home.html.erb within layouts/application
  Rendered pages/home.html.erb within layouts/application (1.1ms)
Completed 200 OK in 38ms (Views: 32.1ms | ActiveRecord: 0.0ms)


Started GET "/pages/home" for ::1 at 2019-08-12 10:26:44 -0700
Processing by PagesController#home as HTML
  Rendering pages/home.html.erb within layouts/application
  Rendered pages/home.html.erb within layouts/application (0.6ms)
Completed 200 OK in 43ms (Views: 30.1ms | ActiveRecord: 0.0ms)


Started GET "/pages/home" for ::1 at 2019-08-12 10:27:15 -0700
Processing by PagesController#home as HTML
  Rendering pages/home.html.erb within layouts/application
  Rendered pages/home.html.erb within layouts/application (1.5ms)
Completed 200 OK in 53ms (Views: 43.7ms | ActiveRecord: 0.0ms)


Started GET "/pages/home" for ::1 at 2019-08-12 10:27:52 -0700
Processing by PagesController#home as HTML
  Rendering pages/home.html.erb within layouts/application
  Rendered pages/home.html.erb within layouts/application (1.2ms)
Completed 200 OK in 64ms (Views: 52.0ms | ActiveRecord: 0.0ms)


Started GET "/pages/home" for ::1 at 2019-08-12 10:29:06 -0700
Processing by PagesController#home as HTML
  Rendering pages/home.html.erb within layouts/application
  Rendered pages/home.html.erb within layouts/application (0.9ms)
Completed 200 OK in 76ms (Views: 62.2ms | ActiveRecord: 0.0ms)


Started GET "/pages/about" for ::1 at 2019-08-12 10:29:40 -0700
Processing by PagesController#about as HTML
  Rendering pages/about.html.erb within layouts/application
  Rendered pages/about.html.erb within layouts/application (0.9ms)
Completed 200 OK in 51ms (Views: 35.0ms | ActiveRecord: 0.0ms)


Started GET "/pages/home" for ::1 at 2019-08-12 10:29:41 -0700
Processing by PagesController#home as HTML
  Rendering pages/home.html.erb within layouts/application
  Rendered pages/home.html.erb within layouts/application (1.5ms)
Completed 200 OK in 63ms (Views: 47.3ms | ActiveRecord: 0.0ms)


Started GET "/pages/home" for ::1 at 2019-08-12 10:30:46 -0700
Processing by PagesController#home as HTML
  Rendering pages/home.html.erb within layouts/application
  Rendered pages/home.html.erb within layouts/application (0.5ms)
Completed 200 OK in 43ms (Views: 30.3ms | ActiveRecord: 0.0ms)


Started GET "/pages/home" for ::1 at 2019-08-12 10:30:48 -0700
Processing by PagesController#home as HTML
  Rendering pages/home.html.erb within layouts/application
  Rendered pages/home.html.erb within layouts/application (0.5ms)
Completed 200 OK in 41ms (Views: 32.4ms | ActiveRecord: 0.0ms)


Started GET "/pages/home" for ::1 at 2019-08-12 10:30:48 -0700
Processing by PagesController#home as HTML
  Rendering pages/home.html.erb within layouts/application
  Rendered pages/home.html.erb within layouts/application (0.7ms)
Completed 200 OK in 54ms (Views: 45.1ms | ActiveRecord: 0.0ms)


Started GET "/pages/home" for ::1 at 2019-08-12 10:30:49 -0700
Processing by PagesController#home as HTML
  Rendering pages/home.html.erb within layouts/application
  Rendered pages/home.html.erb within layouts/application (0.7ms)
Completed 200 OK in 97ms (Views: 85.0ms | ActiveRecord: 0.0ms)


Started GET "/pages/home" for ::1 at 2019-08-12 10:30:49 -0700
Processing by PagesController#home as HTML
  Rendering pages/home.html.erb within layouts/application
  Rendered pages/home.html.erb within layouts/application (0.7ms)
Completed 200 OK in 54ms (Views: 49.7ms | ActiveRecord: 0.0ms)


Started GET "/pages/home" for ::1 at 2019-08-12 10:30:49 -0700
Processing by PagesController#home as HTML
  Rendering pages/home.html.erb within layouts/application
  Rendered pages/home.html.erb within layouts/application (2.8ms)
Completed 200 OK in 87ms (Views: 79.1ms | ActiveRecord: 0.0ms)


Started GET "/pages/home" for ::1 at 2019-08-12 10:30:49 -0700
Processing by PagesController#home as HTML
  Rendering pages/home.html.erb within layouts/application
  Rendered pages/home.html.erb within layouts/application (2.0ms)
Completed 200 OK in 77ms (Views: 67.1ms | ActiveRecord: 0.0ms)


Started GET "/pages/home" for ::1 at 2019-08-12 10:30:49 -0700
Processing by PagesController#home as HTML
  Rendering pages/home.html.erb within layouts/application
  Rendered pages/home.html.erb within layouts/application (1.4ms)
Completed 200 OK in 70ms (Views: 52.7ms | ActiveRecord: 0.0ms)


Started GET "/pages/home" for ::1 at 2019-08-12 10:30:50 -0700
Processing by PagesController#home as HTML
  Rendering pages/home.html.erb within layouts/application
  Rendered pages/home.html.erb within layouts/application (0.6ms)
Completed 200 OK in 61ms (Views: 51.3ms | ActiveRecord: 0.0ms)


Started GET "/pages/home" for ::1 at 2019-08-12 10:30:50 -0700
Processing by PagesController#home as HTML
  Rendering pages/home.html.erb within layouts/application
  Rendered pages/home.html.erb within layouts/application (0.7ms)
Completed 200 OK in 54ms (Views: 45.4ms | ActiveRecord: 0.0ms)


Started GET "/pages/home" for ::1 at 2019-08-12 10:32:30 -0700
Processing by PagesController#home as HTML
  Rendering pages/home.html.erb within layouts/application
  Rendered pages/home.html.erb within layouts/application (0.6ms)
Completed 200 OK in 40ms (Views: 30.8ms | ActiveRecord: 0.0ms)


Started GET "/pages/home" for ::1 at 2019-08-12 10:32:32 -0700
Processing by PagesController#home as HTML
  Rendering pages/home.html.erb within layouts/application
  Rendered pages/home.html.erb within layouts/application (0.7ms)
Completed 200 OK in 35ms (Views: 24.6ms | ActiveRecord: 0.0ms)


Started GET "/pages/home" for ::1 at 2019-08-12 10:32:32 -0700
Processing by PagesController#home as HTML
  Rendering pages/home.html.erb within layouts/application
  Rendered pages/home.html.erb within layouts/application (0.7ms)
Completed 200 OK in 48ms (Views: 42.2ms | ActiveRecord: 0.0ms)


Started GET "/pages/home" for ::1 at 2019-08-12 10:32:43 -0700
Processing by PagesController#home as HTML
  Rendering pages/home.html.erb within layouts/application
  Rendered pages/home.html.erb within layouts/application (0.7ms)
Completed 200 OK in 49ms (Views: 40.0ms | ActiveRecord: 0.0ms)


Started GET "/pages/home" for ::1 at 2019-08-12 10:32:54 -0700
Processing by PagesController#home as HTML
  Rendering pages/home.html.erb within layouts/application
  Rendered pages/home.html.erb within layouts/application (0.5ms)
Completed 200 OK in 51ms (Views: 34.7ms | ActiveRecord: 0.0ms)


Started GET "/pages/home" for ::1 at 2019-08-12 10:33:54 -0700
Processing by PagesController#home as HTML
  Rendering pages/home.html.erb within layouts/application
  Rendered pages/home.html.erb within layouts/application (2.3ms)
Completed 200 OK in 39ms (Views: 29.8ms | ActiveRecord: 0.0ms)


Started GET "/pages/home" for ::1 at 2019-08-12 10:34:11 -0700
Processing by PagesController#home as HTML
  Rendering pages/home.html.erb within layouts/application
  Rendered pages/home.html.erb within layouts/application (0.5ms)
Completed 200 OK in 39ms (Views: 30.5ms | ActiveRecord: 0.0ms)


Started GET "/pages/home" for ::1 at 2019-08-12 10:34:28 -0700
Processing by PagesController#home as HTML
  Rendering pages/home.html.erb within layouts/application
  Rendered pages/home.html.erb within layouts/application (0.6ms)
Completed 200 OK in 38ms (Views: 26.5ms | ActiveRecord: 0.0ms)


Started GET "/pages/home" for ::1 at 2019-08-12 10:34:45 -0700
Processing by PagesController#home as HTML
  Rendering pages/home.html.erb within layouts/application
  Rendered pages/home.html.erb within layouts/application (0.9ms)
Completed 200 OK in 41ms (Views: 33.2ms | ActiveRecord: 0.0ms)


Started GET "/pages/home" for ::1 at 2019-08-12 10:34:59 -0700
Processing by PagesController#home as HTML
  Rendering pages/home.html.erb within layouts/application
  Rendered pages/home.html.erb within layouts/application (0.7ms)
Completed 200 OK in 43ms (Views: 37.2ms | ActiveRecord: 0.0ms)


Started GET "/pages/home" for ::1 at 2019-08-12 10:35:13 -0700
Processing by PagesController#home as HTML
  Rendering pages/home.html.erb within layouts/application
  Rendered pages/home.html.erb within layouts/application (0.5ms)
Completed 200 OK in 48ms (Views: 34.2ms | ActiveRecord: 0.0ms)


Started GET "/pages/home" for ::1 at 2019-08-12 10:35:52 -0700
Processing by PagesController#home as HTML
  Rendering pages/home.html.erb within layouts/application
  Rendered pages/home.html.erb within layouts/application (0.9ms)
Completed 200 OK in 42ms (Views: 31.2ms | ActiveRecord: 0.0ms)


Started GET "/pages/home" for ::1 at 2019-08-12 10:36:06 -0700
Processing by PagesController#home as HTML
  Rendering pages/home.html.erb within layouts/application
  Rendered pages/home.html.erb within layouts/application (1.0ms)
Completed 200 OK in 50ms (Views: 40.5ms | ActiveRecord: 0.0ms)


Started GET "/pages/about" for ::1 at 2019-08-12 10:36:17 -0700
Processing by PagesController#about as HTML
  Rendering pages/about.html.erb within layouts/application
  Rendered pages/about.html.erb within layouts/application (0.5ms)
Completed 200 OK in 62ms (Views: 37.9ms | ActiveRecord: 0.0ms)


Started GET "/pages/home" for ::1 at 2019-08-12 10:36:18 -0700
Processing by PagesController#home as HTML
  Rendering pages/home.html.erb within layouts/application
  Rendered pages/home.html.erb within layouts/application (1.5ms)
Completed 200 OK in 70ms (Views: 54.2ms | ActiveRecord: 0.0ms)


Started GET "/pages/about" for ::1 at 2019-08-12 10:36:41 -0700
Processing by PagesController#about as HTML
  Rendering pages/about.html.erb within layouts/application
  Rendered pages/about.html.erb within layouts/application (0.5ms)
Completed 200 OK in 55ms (Views: 37.0ms | ActiveRecord: 0.0ms)


Started GET "/pages/home" for ::1 at 2019-08-12 10:36:48 -0700
Processing by PagesController#home as HTML
  Rendering pages/home.html.erb within layouts/application
  Rendered pages/home.html.erb within layouts/application (0.5ms)
Completed 200 OK in 62ms (Views: 53.0ms | ActiveRecord: 0.0ms)


Started GET "/pages/about" for ::1 at 2019-08-12 10:36:50 -0700
Processing by PagesController#about as HTML
  Rendering pages/about.html.erb within layouts/application
  Rendered pages/about.html.erb within layouts/application (0.7ms)
Completed 200 OK in 71ms (Views: 60.3ms | ActiveRecord: 0.0ms)


Started GET "/pages/home" for ::1 at 2019-08-12 10:36:50 -0700
Processing by PagesController#home as HTML
  Rendering pages/home.html.erb within layouts/application
  Rendered pages/home.html.erb within layouts/application (0.6ms)
Completed 200 OK in 56ms (Views: 48.0ms | ActiveRecord: 0.0ms)


Started GET "/pages/about" for ::1 at 2019-08-12 10:36:51 -0700
Processing by PagesController#about as HTML
  Rendering pages/about.html.erb within layouts/application
  Rendered pages/about.html.erb within layouts/application (0.7ms)
Completed 200 OK in 57ms (Views: 32.0ms | ActiveRecord: 0.0ms)


Started GET "/pages/home" for ::1 at 2019-08-12 10:36:58 -0700
Processing by PagesController#home as HTML
  Rendering pages/home.html.erb within layouts/application
  Rendered pages/home.html.erb within layouts/application (0.7ms)
Completed 200 OK in 53ms (Views: 44.6ms | ActiveRecord: 0.0ms)


Started GET "/pages/home" for ::1 at 2019-08-12 10:37:26 -0700
Processing by PagesController#home as HTML
  Rendering pages/home.html.erb within layouts/application
  Rendered pages/home.html.erb within layouts/application (0.5ms)
Completed 200 OK in 51ms (Views: 39.1ms | ActiveRecord: 0.0ms)


Started GET "/pages/home" for ::1 at 2019-08-12 10:37:53 -0700
Processing by PagesController#home as HTML
  Rendering pages/home.html.erb within layouts/application
  Rendered pages/home.html.erb within layouts/application (0.6ms)
Completed 200 OK in 42ms (Views: 30.8ms | ActiveRecord: 0.0ms)


Started GET "/pages/home" for ::1 at 2019-08-12 10:38:11 -0700
Processing by PagesController#home as HTML
  Rendering pages/home.html.erb within layouts/application
  Rendered pages/home.html.erb within layouts/application (0.8ms)
Completed 200 OK in 47ms (Views: 37.3ms | ActiveRecord: 0.0ms)


Started GET "/pages/home" for ::1 at 2019-08-12 10:38:31 -0700
Processing by PagesController#home as HTML
  Rendering pages/home.html.erb within layouts/application
  Rendered pages/home.html.erb within layouts/application (2.6ms)
Completed 200 OK in 54ms (Views: 47.1ms | ActiveRecord: 0.0ms)


Started GET "/pages/home" for ::1 at 2019-08-12 10:40:21 -0700
Processing by PagesController#home as HTML
  Rendering pages/home.html.erb within layouts/application
  Rendered pages/home.html.erb within layouts/application (0.7ms)
Completed 200 OK in 51ms (Views: 37.9ms | ActiveRecord: 0.0ms)


Started GET "/pages/home" for ::1 at 2019-08-12 10:41:00 -0700
Processing by PagesController#home as HTML
  Rendering pages/home.html.erb within layouts/application
  Rendered pages/home.html.erb within layouts/application (0.5ms)
Completed 200 OK in 42ms (Views: 34.1ms | ActiveRecord: 0.0ms)


Started GET "/pages/home" for ::1 at 2019-08-12 10:41:29 -0700
Processing by PagesController#home as HTML
  Rendering pages/home.html.erb within layouts/application
  Rendered pages/home.html.erb within layouts/application (1.3ms)
Completed 200 OK in 55ms (Views: 47.1ms | ActiveRecord: 0.0ms)


Started GET "/pages/home" for ::1 at 2019-08-12 10:42:07 -0700
Processing by PagesController#home as HTML
  Rendering pages/home.html.erb within layouts/application
  Rendered pages/home.html.erb within layouts/application (0.7ms)
Completed 200 OK in 54ms (Views: 46.6ms | ActiveRecord: 0.0ms)


Started GET "/pages/home" for ::1 at 2019-08-12 10:43:51 -0700
Processing by PagesController#home as HTML
  Rendering pages/home.html.erb within layouts/application
  Rendered pages/home.html.erb within layouts/application (0.9ms)
Completed 200 OK in 55ms (Views: 48.3ms | ActiveRecord: 0.0ms)


Started GET "/pages/home" for ::1 at 2019-08-12 10:44:28 -0700
Processing by PagesController#home as HTML
  Rendering pages/home.html.erb within layouts/application
  Rendered pages/home.html.erb within layouts/application (0.7ms)
Completed 200 OK in 83ms (Views: 66.8ms | ActiveRecord: 0.0ms)


Started GET "/pages/home" for ::1 at 2019-08-12 10:44:56 -0700
Processing by PagesController#home as HTML
  Rendering pages/home.html.erb within layouts/application
  Rendered pages/home.html.erb within layouts/application (1.1ms)
Completed 200 OK in 48ms (Views: 40.2ms | ActiveRecord: 0.0ms)


Started GET "/pages/home" for ::1 at 2019-08-12 10:45:11 -0700
Processing by PagesController#home as HTML
  Rendering pages/home.html.erb within layouts/application
  Rendered pages/home.html.erb within layouts/application (1.1ms)
Completed 200 OK in 45ms (Views: 35.8ms | ActiveRecord: 0.0ms)


Started GET "/pages/home" for ::1 at 2019-08-12 10:46:36 -0700
Processing by PagesController#home as HTML
  Rendering pages/home.html.erb within layouts/application
  Rendered pages/home.html.erb within layouts/application (0.6ms)
Completed 200 OK in 61ms (Views: 45.6ms | ActiveRecord: 0.0ms)


Started GET "/pages/home" for ::1 at 2019-08-12 10:47:15 -0700
Processing by PagesController#home as HTML
  Rendering pages/home.html.erb within layouts/application
  Rendered pages/home.html.erb within layouts/application (0.9ms)
Completed 200 OK in 45ms (Views: 33.2ms | ActiveRecord: 0.0ms)


Started GET "/pages/home" for ::1 at 2019-08-12 10:47:37 -0700
Processing by PagesController#home as HTML
  Rendering pages/home.html.erb within layouts/application
  Rendered pages/home.html.erb within layouts/application (1.3ms)
Completed 200 OK in 55ms (Views: 47.5ms | ActiveRecord: 0.0ms)


Started GET "/pages/home" for ::1 at 2019-08-12 10:47:45 -0700
Processing by PagesController#home as HTML
  Rendering pages/home.html.erb within layouts/application
  Rendered pages/home.html.erb within layouts/application (0.7ms)
Completed 200 OK in 50ms (Views: 40.1ms | ActiveRecord: 0.0ms)


Started GET "/pages/home" for ::1 at 2019-08-12 10:49:17 -0700
Processing by PagesController#home as HTML
  Rendering pages/home.html.erb within layouts/application
  Rendered pages/home.html.erb within layouts/application (0.7ms)
Completed 200 OK in 42ms (Views: 28.2ms | ActiveRecord: 0.0ms)


Started GET "/pages/home" for ::1 at 2019-08-12 10:49:46 -0700
Processing by PagesController#home as HTML
  Rendering pages/home.html.erb within layouts/application
  Rendered pages/home.html.erb within layouts/application (0.9ms)
Completed 200 OK in 36ms (Views: 28.3ms | ActiveRecord: 0.0ms)


Started GET "/pages/home" for ::1 at 2019-08-12 10:49:50 -0700
Processing by PagesController#home as HTML
  Rendering pages/home.html.erb within layouts/application
  Rendered pages/home.html.erb within layouts/application (0.6ms)
Completed 200 OK in 46ms (Views: 35.9ms | ActiveRecord: 0.0ms)


Started GET "/pages/home" for ::1 at 2019-08-12 10:50:51 -0700
Processing by PagesController#home as HTML
  Rendering pages/home.html.erb within layouts/application
  Rendered pages/home.html.erb within layouts/application (0.6ms)
Completed 200 OK in 35ms (Views: 28.9ms | ActiveRecord: 0.0ms)


Started GET "/pages/home" for ::1 at 2019-08-12 10:51:42 -0700
Processing by PagesController#home as HTML
  Rendering pages/home.html.erb within layouts/application
  Rendered pages/home.html.erb within layouts/application (0.5ms)
Completed 200 OK in 33ms (Views: 24.2ms | ActiveRecord: 0.0ms)


Started GET "/pages/home" for ::1 at 2019-08-12 10:51:49 -0700
Processing by PagesController#home as HTML
  Rendering pages/home.html.erb within layouts/application
  Rendered pages/home.html.erb within layouts/application (2.1ms)
Completed 200 OK in 45ms (Views: 39.1ms | ActiveRecord: 0.0ms)


Started GET "/pages/home" for ::1 at 2019-08-12 10:53:54 -0700
Processing by PagesController#home as HTML
  Rendering pages/home.html.erb within layouts/application
  Rendered pages/home.html.erb within layouts/application (0.6ms)
Completed 200 OK in 44ms (Views: 38.1ms | ActiveRecord: 0.0ms)


Started GET "/pages/home" for ::1 at 2019-08-12 10:56:27 -0700
Processing by PagesController#home as HTML
  Rendering pages/home.html.erb within layouts/application
  Rendered pages/home.html.erb within layouts/application (0.5ms)
Completed 200 OK in 59ms (Views: 42.4ms | ActiveRecord: 0.0ms)


Started GET "/pages/home" for ::1 at 2019-08-12 10:56:47 -0700
Processing by PagesController#home as HTML
  Rendering pages/home.html.erb within layouts/application
  Rendered pages/home.html.erb within layouts/application (0.7ms)
Completed 200 OK in 51ms (Views: 38.0ms | ActiveRecord: 0.0ms)


Started GET "/pages/home" for ::1 at 2019-08-12 11:00:24 -0700
Processing by PagesController#home as HTML
  Rendering pages/home.html.erb within layouts/application
  Rendered pages/home.html.erb within layouts/application (0.5ms)
Completed 200 OK in 103ms (Views: 92.5ms | ActiveRecord: 0.0ms)


Started GET "/pages/home" for ::1 at 2019-08-12 11:00:56 -0700
Processing by PagesController#home as HTML
  Rendering pages/home.html.erb within layouts/application
  Rendered pages/home.html.erb within layouts/application (0.7ms)
Completed 200 OK in 57ms (Views: 43.4ms | ActiveRecord: 0.0ms)


Started GET "/pages/home" for ::1 at 2019-08-12 11:01:56 -0700
Processing by PagesController#home as HTML
  Rendering pages/home.html.erb within layouts/application
  Rendered pages/home.html.erb within layouts/application (1.6ms)
Completed 200 OK in 58ms (Views: 47.8ms | ActiveRecord: 0.0ms)


Started GET "/pages/home" for ::1 at 2019-08-12 11:03:24 -0700
Processing by PagesController#home as HTML
  Rendering pages/home.html.erb within layouts/application
  Rendered pages/home.html.erb within layouts/application (0.7ms)
Completed 200 OK in 55ms (Views: 47.4ms | ActiveRecord: 0.0ms)


Started GET "/pages/home" for ::1 at 2019-08-12 11:03:51 -0700
Processing by PagesController#home as HTML
  Rendering pages/home.html.erb within layouts/application
  Rendered pages/home.html.erb within layouts/application (1.4ms)
Completed 200 OK in 48ms (Views: 37.8ms | ActiveRecord: 0.0ms)


Started GET "/pages/home" for ::1 at 2019-08-12 11:03:59 -0700
Processing by PagesController#home as HTML
  Rendering pages/home.html.erb within layouts/application
  Rendered pages/home.html.erb within layouts/application (0.7ms)
Completed 200 OK in 53ms (Views: 42.4ms | ActiveRecord: 0.0ms)


Started GET "/pages/about" for ::1 at 2019-08-12 11:05:52 -0700
Processing by PagesController#about as HTML
  Rendering pages/about.html.erb within layouts/application
  Rendered pages/about.html.erb within layouts/application (0.8ms)
Completed 200 OK in 77ms (Views: 54.5ms | ActiveRecord: 0.0ms)


Started GET "/pages/about" for ::1 at 2019-08-12 11:11:13 -0700
Processing by PagesController#about as HTML
  Rendering pages/about.html.erb within layouts/application
  Rendered pages/about.html.erb within layouts/application (1.8ms)
Completed 200 OK in 92ms (Views: 81.2ms | ActiveRecord: 0.0ms)


Started GET "/pages/about" for ::1 at 2019-08-12 11:12:57 -0700
Processing by PagesController#about as HTML
  Rendering pages/about.html.erb within layouts/application
  Rendered pages/about.html.erb within layouts/application (0.6ms)
Completed 200 OK in 50ms (Views: 35.0ms | ActiveRecord: 0.0ms)


Started GET "/pages/about" for ::1 at 2019-08-12 11:13:05 -0700
Processing by PagesController#about as HTML
  Rendering pages/about.html.erb within layouts/application
  Rendered pages/about.html.erb within layouts/application (0.8ms)
Completed 200 OK in 42ms (Views: 31.2ms | ActiveRecord: 0.0ms)


Started GET "/pages/about" for ::1 at 2019-08-12 11:14:01 -0700
Processing by PagesController#about as HTML
  Rendering pages/about.html.erb within layouts/application
  Rendered pages/about.html.erb within layouts/application (0.6ms)
Completed 200 OK in 41ms (Views: 36.1ms | ActiveRecord: 0.0ms)


Started GET "/pages/home" for ::1 at 2019-08-12 11:19:18 -0700
Processing by PagesController#home as HTML
  Rendering pages/home.html.erb within layouts/application
  Rendered pages/home.html.erb within layouts/application (0.8ms)
Completed 200 OK in 78ms (Views: 51.7ms | ActiveRecord: 0.0ms)


Started GET "/pages/about" for ::1 at 2019-08-12 11:19:19 -0700
Processing by PagesController#about as HTML
  Rendering pages/about.html.erb within layouts/application
  Rendered pages/about.html.erb within layouts/application (1.1ms)
Completed 200 OK in 53ms (Views: 47.8ms | ActiveRecord: 0.0ms)


Started GET "/pages/home" for ::1 at 2019-08-12 11:19:20 -0700
Processing by PagesController#home as HTML
  Rendering pages/home.html.erb within layouts/application
  Rendered pages/home.html.erb within layouts/application (2.3ms)
Completed 200 OK in 177ms (Views: 165.5ms | ActiveRecord: 0.0ms)


Started GET "/pages/about" for ::1 at 2019-08-15 08:06:49 -0700
Processing by PagesController#about as HTML
  Rendering pages/about.html.erb within layouts/application
  Rendered pages/about.html.erb within layouts/application (2.0ms)
Completed 200 OK in 277ms (Views: 262.5ms | ActiveRecord: 0.0ms)


Started GET "/pages/home" for ::1 at 2019-08-15 08:06:51 -0700
Processing by PagesController#home as HTML
  Rendering pages/home.html.erb within layouts/application
  Rendered pages/home.html.erb within layouts/application (1.8ms)
Completed 200 OK in 102ms (Views: 72.2ms | ActiveRecord: 0.0ms)


Started GET "/pages/about" for ::1 at 2019-08-15 08:06:52 -0700
Processing by PagesController#about as HTML
  Rendering pages/about.html.erb within layouts/application
  Rendered pages/about.html.erb within layouts/application (0.6ms)
Completed 200 OK in 41ms (Views: 31.6ms | ActiveRecord: 0.0ms)


Started GET "/pages/home" for ::1 at 2019-08-15 08:06:52 -0700
Processing by PagesController#home as HTML
  Rendering pages/home.html.erb within layouts/application
  Rendered pages/home.html.erb within layouts/application (0.7ms)
Completed 200 OK in 60ms (Views: 47.1ms | ActiveRecord: 0.0ms)


Started GET "/" for ::1 at 2019-08-15 08:08:34 -0700
Processing by PagesController#home as HTML
  Rendering pages/home.html.erb within layouts/application
  Rendered pages/home.html.erb within layouts/application (0.5ms)
Completed 200 OK in 45ms (Views: 40.9ms | ActiveRecord: 0.0ms)


Started GET "/pages/about" for ::1 at 2019-08-15 08:08:37 -0700
Processing by PagesController#about as HTML
  Rendering pages/about.html.erb within layouts/application
  Rendered pages/about.html.erb within layouts/application (246.1ms)
Completed 500 Internal Server Error in 281ms (ActiveRecord: 0.0ms)


  
ActionView::Template::Error (undefined local variable or method `pages_home_path' for #<#<Class:0x00007f871dcc2e18>:0x00007f871c635650>
Did you mean?  pages_about_path):
    1: <%= link_to 'Home', pages_home_path %>
    2: 
    3: <body style="background-color: #E1E1E1;">
    4: 
  
app/views/pages/about.html.erb:1:in `_app_views_pages_about_html_erb___3694108553591202870_70109136795380'
Started GET "/" for ::1 at 2019-08-15 08:08:40 -0700
Processing by PagesController#home as HTML
  Rendering pages/home.html.erb within layouts/application
  Rendered pages/home.html.erb within layouts/application (0.7ms)
Completed 200 OK in 46ms (Views: 37.1ms | ActiveRecord: 0.0ms)


Started GET "/pages/about" for ::1 at 2019-08-15 08:08:50 -0700
  
ActionController::RoutingError (No route matches [GET] "/pages/about"):
  
actionpack (5.2.3) lib/action_dispatch/middleware/debug_exceptions.rb:65:in `call'
web-console (3.7.0) lib/web_console/middleware.rb:135:in `call_app'
web-console (3.7.0) lib/web_console/middleware.rb:30:in `block in call'
web-console (3.7.0) lib/web_console/middleware.rb:20:in `catch'
web-console (3.7.0) lib/web_console/middleware.rb:20:in `call'
actionpack (5.2.3) lib/action_dispatch/middleware/show_exceptions.rb:33:in `call'
railties (5.2.3) lib/rails/rack/logger.rb:38:in `call_app'
railties (5.2.3) lib/rails/rack/logger.rb:26:in `block in call'
activesupport (5.2.3) lib/active_support/tagged_logging.rb:71:in `block in tagged'
activesupport (5.2.3) lib/active_support/tagged_logging.rb:28:in `tagged'
activesupport (5.2.3) lib/active_support/tagged_logging.rb:71:in `tagged'
railties (5.2.3) lib/rails/rack/logger.rb:26:in `call'
sprockets-rails (3.2.1) lib/sprockets/rails/quiet_assets.rb:13:in `call'
actionpack (5.2.3) lib/action_dispatch/middleware/remote_ip.rb:81:in `call'
actionpack (5.2.3) lib/action_dispatch/middleware/request_id.rb:27:in `call'
rack (2.0.7) lib/rack/method_override.rb:22:in `call'
rack (2.0.7) lib/rack/runtime.rb:22:in `call'
activesupport (5.2.3) lib/active_support/cache/strategy/local_cache_middleware.rb:29:in `call'
actionpack (5.2.3) lib/action_dispatch/middleware/executor.rb:14:in `call'
actionpack (5.2.3) lib/action_dispatch/middleware/static.rb:127:in `call'
rack (2.0.7) lib/rack/sendfile.rb:111:in `call'
railties (5.2.3) lib/rails/engine.rb:524:in `call'
puma (3.12.1) lib/puma/configuration.rb:227:in `call'
puma (3.12.1) lib/puma/server.rb:660:in `handle_request'
puma (3.12.1) lib/puma/server.rb:474:in `process_client'
puma (3.12.1) lib/puma/server.rb:334:in `block in run'
puma (3.12.1) lib/puma/thread_pool.rb:135:in `block in spawn_thread'
Started GET "/" for ::1 at 2019-08-15 08:08:53 -0700
Processing by PagesController#home as HTML
  Rendering pages/home.html.erb within layouts/application
  Rendered pages/home.html.erb within layouts/application (188.3ms)
Completed 500 Internal Server Error in 213ms (ActiveRecord: 0.0ms)


  
ActionView::Template::Error (undefined local variable or method `pages_about_path' for #<#<Class:0x00007f8721986d40>:0x00007f87219853c8>):
    1: <%= link_to 'About', pages_about_path %>
    2: <body style="background-color: #E1E1E1;">
    3: 
    4:   <h1 style="text-align:center;" >
  
app/views/pages/home.html.erb:1:in `_app_views_pages_home_html_erb___1275050320507899551_70109180476180'
Started GET "/about" for ::1 at 2019-08-15 08:09:02 -0700
Processing by PagesController#about as HTML
  Rendering pages/about.html.erb within layouts/application
  Rendered pages/about.html.erb within layouts/application (200.3ms)
Completed 500 Internal Server Error in 227ms (ActiveRecord: 0.0ms)


  
ActionView::Template::Error (undefined local variable or method `pages_home_path' for #<#<Class:0x00007f8721986d40>:0x00007f87218c03e8>):
    1: <%= link_to 'Home', pages_home_path %>
    2: 
    3: <body style="background-color: #E1E1E1;">
    4: 
  
app/views/pages/about.html.erb:1:in `_app_views_pages_about_html_erb___3694108553591202870_70109180071420'
Started GET "/about" for ::1 at 2019-08-15 08:11:00 -0700
Processing by PagesController#about as HTML
  Rendering pages/about.html.erb within layouts/application
  Rendered pages/about.html.erb within layouts/application (0.9ms)
Completed 200 OK in 54ms (Views: 42.1ms | ActiveRecord: 0.0ms)


Started GET "/" for ::1 at 2019-08-15 08:11:02 -0700
Processing by PagesController#home as HTML
  Rendering pages/home.html.erb within layouts/application
  Rendered pages/home.html.erb within layouts/application (173.9ms)
Completed 500 Internal Server Error in 210ms (ActiveRecord: 0.0ms)


  
ActionView::Template::Error (undefined local variable or method `pages_about_path' for #<#<Class:0x00007f8721986d40>:0x00007f8720573d30>):
    1: <%= link_to 'About', pages_about_path %>
    2: <body style="background-color: #E1E1E1;">
    3: 
    4:   <h1 style="text-align:center;" >
  
app/views/pages/home.html.erb:1:in `_app_views_pages_home_html_erb___1275050320507899551_70109169961600'
Started GET "/pages/about" for ::1 at 2019-08-15 08:11:42 -0700
  
ActionController::RoutingError (No route matches [GET] "/pages/about"):
  
actionpack (5.2.3) lib/action_dispatch/middleware/debug_exceptions.rb:65:in `call'
web-console (3.7.0) lib/web_console/middleware.rb:135:in `call_app'
web-console (3.7.0) lib/web_console/middleware.rb:30:in `block in call'
web-console (3.7.0) lib/web_console/middleware.rb:20:in `catch'
web-console (3.7.0) lib/web_console/middleware.rb:20:in `call'
actionpack (5.2.3) lib/action_dispatch/middleware/show_exceptions.rb:33:in `call'
railties (5.2.3) lib/rails/rack/logger.rb:38:in `call_app'
railties (5.2.3) lib/rails/rack/logger.rb:26:in `block in call'
activesupport (5.2.3) lib/active_support/tagged_logging.rb:71:in `block in tagged'
activesupport (5.2.3) lib/active_support/tagged_logging.rb:28:in `tagged'
activesupport (5.2.3) lib/active_support/tagged_logging.rb:71:in `tagged'
railties (5.2.3) lib/rails/rack/logger.rb:26:in `call'
sprockets-rails (3.2.1) lib/sprockets/rails/quiet_assets.rb:13:in `call'
actionpack (5.2.3) lib/action_dispatch/middleware/remote_ip.rb:81:in `call'
actionpack (5.2.3) lib/action_dispatch/middleware/request_id.rb:27:in `call'
rack (2.0.7) lib/rack/method_override.rb:22:in `call'
rack (2.0.7) lib/rack/runtime.rb:22:in `call'
activesupport (5.2.3) lib/active_support/cache/strategy/local_cache_middleware.rb:29:in `call'
actionpack (5.2.3) lib/action_dispatch/middleware/executor.rb:14:in `call'
actionpack (5.2.3) lib/action_dispatch/middleware/static.rb:127:in `call'
rack (2.0.7) lib/rack/sendfile.rb:111:in `call'
railties (5.2.3) lib/rails/engine.rb:524:in `call'
puma (3.12.1) lib/puma/configuration.rb:227:in `call'
puma (3.12.1) lib/puma/server.rb:660:in `handle_request'
puma (3.12.1) lib/puma/server.rb:474:in `process_client'
puma (3.12.1) lib/puma/server.rb:334:in `block in run'
puma (3.12.1) lib/puma/thread_pool.rb:135:in `block in spawn_thread'
Started GET "/pages/about" for ::1 at 2019-08-15 08:12:06 -0700
  
ActionController::RoutingError (No route matches [GET] "/pages/about"):
  
actionpack (5.2.3) lib/action_dispatch/middleware/debug_exceptions.rb:65:in `call'
web-console (3.7.0) lib/web_console/middleware.rb:135:in `call_app'
web-console (3.7.0) lib/web_console/middleware.rb:30:in `block in call'
web-console (3.7.0) lib/web_console/middleware.rb:20:in `catch'
web-console (3.7.0) lib/web_console/middleware.rb:20:in `call'
actionpack (5.2.3) lib/action_dispatch/middleware/show_exceptions.rb:33:in `call'
railties (5.2.3) lib/rails/rack/logger.rb:38:in `call_app'
railties (5.2.3) lib/rails/rack/logger.rb:26:in `block in call'
activesupport (5.2.3) lib/active_support/tagged_logging.rb:71:in `block in tagged'
activesupport (5.2.3) lib/active_support/tagged_logging.rb:28:in `tagged'
activesupport (5.2.3) lib/active_support/tagged_logging.rb:71:in `tagged'
railties (5.2.3) lib/rails/rack/logger.rb:26:in `call'
sprockets-rails (3.2.1) lib/sprockets/rails/quiet_assets.rb:13:in `call'
actionpack (5.2.3) lib/action_dispatch/middleware/remote_ip.rb:81:in `call'
actionpack (5.2.3) lib/action_dispatch/middleware/request_id.rb:27:in `call'
rack (2.0.7) lib/rack/method_override.rb:22:in `call'
rack (2.0.7) lib/rack/runtime.rb:22:in `call'
activesupport (5.2.3) lib/active_support/cache/strategy/local_cache_middleware.rb:29:in `call'
actionpack (5.2.3) lib/action_dispatch/middleware/executor.rb:14:in `call'
actionpack (5.2.3) lib/action_dispatch/middleware/static.rb:127:in `call'
rack (2.0.7) lib/rack/sendfile.rb:111:in `call'
railties (5.2.3) lib/rails/engine.rb:524:in `call'
puma (3.12.1) lib/puma/configuration.rb:227:in `call'
puma (3.12.1) lib/puma/server.rb:660:in `handle_request'
puma (3.12.1) lib/puma/server.rb:474:in `process_client'
puma (3.12.1) lib/puma/server.rb:334:in `block in run'
puma (3.12.1) lib/puma/thread_pool.rb:135:in `block in spawn_thread'
Started GET "/about" for ::1 at 2019-08-15 08:13:01 -0700
Processing by PagesController#about as HTML
  Rendering pages/about.html.erb within layouts/application
  Rendered pages/about.html.erb within layouts/application (1.7ms)
Completed 200 OK in 58ms (Views: 46.1ms | ActiveRecord: 0.0ms)


Started GET "/" for ::1 at 2019-08-15 08:13:03 -0700
Processing by PagesController#home as HTML
  Rendering pages/home.html.erb within layouts/application
  Rendered pages/home.html.erb within layouts/application (0.8ms)
Completed 200 OK in 65ms (Views: 46.8ms | ActiveRecord: 0.0ms)


Started GET "/about" for ::1 at 2019-08-15 08:13:05 -0700
Processing by PagesController#about as HTML
  Rendering pages/about.html.erb within layouts/application
  Rendered pages/about.html.erb within layouts/application (1.0ms)
Completed 200 OK in 40ms (Views: 34.7ms | ActiveRecord: 0.0ms)


Started GET "/" for ::1 at 2019-08-15 08:13:06 -0700
Processing by PagesController#home as HTML
  Rendering pages/home.html.erb within layouts/application
  Rendered pages/home.html.erb within layouts/application (0.8ms)
Completed 200 OK in 87ms (Views: 67.7ms | ActiveRecord: 0.0ms)


Started GET "/about" for ::1 at 2019-08-15 08:13:07 -0700
Processing by PagesController#about as HTML
  Rendering pages/about.html.erb within layouts/application
  Rendered pages/about.html.erb within layouts/application (1.5ms)
Completed 200 OK in 46ms (Views: 39.3ms | ActiveRecord: 0.0ms)


Started GET "/" for ::1 at 2019-08-15 08:13:08 -0700
Processing by PagesController#home as HTML
  Rendering pages/home.html.erb within layouts/application
  Rendered pages/home.html.erb within layouts/application (1.1ms)
Completed 200 OK in 49ms (Views: 38.5ms | ActiveRecord: 0.0ms)


Started GET "/about" for ::1 at 2019-08-15 08:13:08 -0700
Processing by PagesController#about as HTML
  Rendering pages/about.html.erb within layouts/application
  Rendered pages/about.html.erb within layouts/application (1.9ms)
Completed 200 OK in 43ms (Views: 34.2ms | ActiveRecord: 0.0ms)


Started GET "/" for ::1 at 2019-08-15 08:13:09 -0700
Processing by PagesController#home as HTML
  Rendering pages/home.html.erb within layouts/application
  Rendered pages/home.html.erb within layouts/application (0.7ms)
Completed 200 OK in 150ms (Views: 141.1ms | ActiveRecord: 0.0ms)


Started GET "/about" for ::1 at 2019-08-15 08:13:10 -0700
Processing by PagesController#about as HTML
  Rendering pages/about.html.erb within layouts/application
  Rendered pages/about.html.erb within layouts/application (0.7ms)
Completed 200 OK in 47ms (Views: 38.9ms | ActiveRecord: 0.0ms)


Started GET "/" for ::1 at 2019-08-15 08:13:10 -0700
Processing by PagesController#home as HTML
  Rendering pages/home.html.erb within layouts/application
  Rendered pages/home.html.erb within layouts/application (0.6ms)
Completed 200 OK in 125ms (Views: 113.5ms | ActiveRecord: 0.0ms)


Started GET "/" for ::1 at 2019-08-15 08:20:29 -0700
Processing by PagesController#home as HTML
  Rendering pages/home.html.erb within layouts/application
  Rendered pages/home.html.erb within layouts/application (1.0ms)
Completed 200 OK in 214ms (Views: 202.5ms | ActiveRecord: 0.0ms)


Started GET "/about" for ::1 at 2019-08-15 08:20:31 -0700
Processing by PagesController#about as HTML
  Rendering pages/about.html.erb within layouts/application
  Rendered pages/about.html.erb within layouts/application (0.6ms)
Completed 200 OK in 43ms (Views: 32.6ms | ActiveRecord: 0.0ms)


Started GET "/" for ::1 at 2019-08-15 08:20:32 -0700
Processing by PagesController#home as HTML
  Rendering pages/home.html.erb within layouts/application
  Rendered pages/home.html.erb within layouts/application (0.6ms)
Completed 200 OK in 60ms (Views: 52.9ms | ActiveRecord: 0.0ms)


Started GET "/about" for ::1 at 2019-08-15 08:20:33 -0700
Processing by PagesController#about as HTML
  Rendering pages/about.html.erb within layouts/application
  Rendered pages/about.html.erb within layouts/application (0.6ms)
Completed 200 OK in 39ms (Views: 29.3ms | ActiveRecord: 0.0ms)


